
===========================================================================
report_checks -unconstrained
===========================================================================
======================= Typical Corner ===================================

Startpoint: _29796_ (rising edge-triggered flip-flop clocked by clk')
Endpoint: _29324_ (rising edge-triggered flip-flop clocked by clk)
Path Group: clk
Path Type: max

Fanout     Cap    Slew   Delay    Time   Description
-----------------------------------------------------------------------------
                         12.50   12.50   clock clk' (rise edge)
                          0.00   12.50   clock source latency
     1    0.03    0.06    0.04   12.54 v clk (in)
                                         clk (net)
                  0.06    0.00   12.54 v clkbuf_0_clk/A (sky130_fd_sc_hd__clkbuf_16)
     4    0.01    0.03    0.16   12.70 v clkbuf_0_clk/X (sky130_fd_sc_hd__clkbuf_16)
                                         clknet_0_clk (net)
                  0.03    0.00   12.70 v clkbuf_2_0_0_clk/A (sky130_fd_sc_hd__clkbuf_8)
     8    0.06    0.07    0.18   12.88 v clkbuf_2_0_0_clk/X (sky130_fd_sc_hd__clkbuf_8)
                                         clknet_2_0_0_clk (net)
                  0.07    0.00   12.88 v clkbuf_5_4__f_clk/A (sky130_fd_sc_hd__clkbuf_16)
     5    0.03    0.04    0.18   13.06 v clkbuf_5_4__f_clk/X (sky130_fd_sc_hd__clkbuf_16)
                                         clknet_5_4__leaf_clk (net)
                  0.04    0.00   13.06 v _22952_/A (sky130_fd_sc_hd__buf_1)
     1    0.01    0.05    0.11   13.17 v _22952_/X (sky130_fd_sc_hd__buf_1)
                                         _10078_ (net)
                  0.05    0.00   13.17 v clkbuf_0__10078_/A (sky130_fd_sc_hd__clkbuf_16)
     2    0.01    0.03    0.15   13.32 v clkbuf_0__10078_/X (sky130_fd_sc_hd__clkbuf_16)
                                         clknet_0__10078_ (net)
                  0.03    0.00   13.32 v clkbuf_1_0__f__10078_/A (sky130_fd_sc_hd__clkbuf_16)
     5    0.01    0.03    0.14   13.46 v clkbuf_1_0__f__10078_/X (sky130_fd_sc_hd__clkbuf_16)
                                         clknet_1_0__leaf__10078_ (net)
                  0.03    0.00   13.46 v _22953_/A (sky130_fd_sc_hd__buf_1)
     1    0.01    0.05    0.11   13.56 v _22953_/X (sky130_fd_sc_hd__buf_1)
                                         _10079_ (net)
                  0.05    0.00   13.56 v clkbuf_0__10079_/A (sky130_fd_sc_hd__clkbuf_16)
     2    0.01    0.03    0.15   13.71 v clkbuf_0__10079_/X (sky130_fd_sc_hd__clkbuf_16)
                                         clknet_0__10079_ (net)
                  0.03    0.00   13.71 v clkbuf_1_0__f__10079_/A (sky130_fd_sc_hd__clkbuf_16)
     6    0.01    0.03    0.14   13.86 v clkbuf_1_0__f__10079_/X (sky130_fd_sc_hd__clkbuf_16)
                                         clknet_1_0__leaf__10079_ (net)
                  0.03    0.00   13.86 v _23280_/A (sky130_fd_sc_hd__buf_1)
     1    0.01    0.05    0.11   13.96 v _23280_/X (sky130_fd_sc_hd__buf_1)
                                         _10130_ (net)
                  0.05    0.00   13.96 v clkbuf_0__10130_/A (sky130_fd_sc_hd__clkbuf_16)
     2    0.01    0.03    0.15   14.11 v clkbuf_0__10130_/X (sky130_fd_sc_hd__clkbuf_16)
                                         clknet_0__10130_ (net)
                  0.03    0.00   14.11 v clkbuf_1_1__f__10130_/A (sky130_fd_sc_hd__clkbuf_16)
     5    0.01    0.03    0.14   14.25 v clkbuf_1_1__f__10130_/X (sky130_fd_sc_hd__clkbuf_16)
                                         clknet_1_1__leaf__10130_ (net)
                  0.03    0.00   14.25 v _23380_/A (sky130_fd_sc_hd__buf_1)
     1    0.02    0.09    0.14   14.40 v _23380_/X (sky130_fd_sc_hd__buf_1)
                                         _10140_ (net)
                  0.09    0.00   14.40 v clkbuf_0__10140_/A (sky130_fd_sc_hd__clkbuf_16)
     2    0.01    0.03    0.17   14.57 v clkbuf_0__10140_/X (sky130_fd_sc_hd__clkbuf_16)
                                         clknet_0__10140_ (net)
                  0.03    0.00   14.57 v clkbuf_1_0__f__10140_/A (sky130_fd_sc_hd__clkbuf_16)
     5    0.03    0.04    0.15   14.72 v clkbuf_1_0__f__10140_/X (sky130_fd_sc_hd__clkbuf_16)
                                         clknet_1_0__leaf__10140_ (net)
                  0.04    0.00   14.72 v _23382__1016/A (sky130_fd_sc_hd__inv_2)
     1    0.00    0.03    0.04   14.76 ^ _23382__1016/Y (sky130_fd_sc_hd__inv_2)
                                         net1142 (net)
                  0.03    0.00   14.76 ^ _29796_/CLK (sky130_fd_sc_hd__dfxtp_1)
     3    0.01    0.04    0.32   15.08 v _29796_/Q (sky130_fd_sc_hd__dfxtp_1)
                                         rvcpu.dp.rf.reg_file_arr[20][31] (net)
                  0.04    0.00   15.08 v _21969_/A0 (sky130_fd_sc_hd__mux4_1)
     1    0.00    0.09    0.52   15.60 v _21969_/X (sky130_fd_sc_hd__mux4_1)
                                         _09200_ (net)
                  0.09    0.00   15.60 v _21970_/A1 (sky130_fd_sc_hd__mux2_1)
     1    0.01    0.08    0.36   15.96 v _21970_/X (sky130_fd_sc_hd__mux2_1)
                                         _09201_ (net)
                  0.08    0.00   15.96 v _21971_/B1 (sky130_fd_sc_hd__a22o_1)
     1    0.01    0.06    0.22   16.18 v _21971_/X (sky130_fd_sc_hd__a22o_1)
                                         _09202_ (net)
                  0.06    0.00   16.18 v _21980_/A2 (sky130_fd_sc_hd__a211o_1)
     1    0.01    0.08    0.34   16.52 v _21980_/X (sky130_fd_sc_hd__a211o_1)
                                         _09211_ (net)
                  0.08    0.00   16.52 v _21981_/B (sky130_fd_sc_hd__and2_1)
     1    0.01    0.08    0.22   16.74 v _21981_/X (sky130_fd_sc_hd__and2_1)
                                         _09212_ (net)
                  0.08    0.00   16.74 v _21982_/A (sky130_fd_sc_hd__clkbuf_1)
     1    0.00    0.03    0.11   16.85 v _21982_/X (sky130_fd_sc_hd__clkbuf_1)
                                         _01059_ (net)
                  0.03    0.00   16.85 v _29324_/D (sky130_fd_sc_hd__dfxtp_1)
                                 16.85   data arrival time

                         25.00   25.00   clock clk (rise edge)
                          0.00   25.00   clock source latency
     1    0.03    0.12    0.08   25.08 ^ clk (in)
                                         clk (net)
                  0.12    0.00   25.08 ^ clkbuf_0_clk/A (sky130_fd_sc_hd__clkbuf_16)
     4    0.02    0.04    0.14   25.22 ^ clkbuf_0_clk/X (sky130_fd_sc_hd__clkbuf_16)
                                         clknet_0_clk (net)
                  0.04    0.00   25.22 ^ clkbuf_2_0_0_clk/A (sky130_fd_sc_hd__clkbuf_8)
     8    0.06    0.12    0.17   25.39 ^ clkbuf_2_0_0_clk/X (sky130_fd_sc_hd__clkbuf_8)
                                         clknet_2_0_0_clk (net)
                  0.12    0.00   25.39 ^ clkbuf_5_4__f_clk/A (sky130_fd_sc_hd__clkbuf_16)
     5    0.04    0.06    0.16   25.55 ^ clkbuf_5_4__f_clk/X (sky130_fd_sc_hd__clkbuf_16)
                                         clknet_5_4__leaf_clk (net)
                  0.06    0.00   25.55 ^ clkbuf_leaf_0_clk/A (sky130_fd_sc_hd__clkbuf_8)
    19    0.05    0.10    0.17   25.72 ^ clkbuf_leaf_0_clk/X (sky130_fd_sc_hd__clkbuf_8)
                                         clknet_leaf_0_clk (net)
                  0.10    0.00   25.72 ^ _29324_/CLK (sky130_fd_sc_hd__dfxtp_1)
                         -0.25   25.47   clock uncertainty
                          0.05   25.52   clock reconvergence pessimism
                         -0.09   25.43   library setup time
                                 25.43   data required time
-----------------------------------------------------------------------------
                                 25.43   data required time
                                -16.85   data arrival time
-----------------------------------------------------------------------------
                                  8.59   slack (MET)




===========================================================================
report_checks --slack_max -0.01
============================================================================
======================= Typical Corner ===================================

No paths found.


===========================================================================
 report_check_types -max_slew -max_cap -max_fanout -violators
============================================================================
======================= Typical Corner ===================================

max fanout

Pin                                   Limit Fanout  Slack
---------------------------------------------------------
clkbuf_leaf_48_clk/X                     10     21    -11 (VIOLATED)
clkbuf_leaf_0_clk/X                      10     19     -9 (VIOLATED)
clkbuf_leaf_144_clk/X                    10     17     -7 (VIOLATED)
clkbuf_leaf_155_clk/X                    10     16     -6 (VIOLATED)
clkbuf_leaf_1_clk/X                      10     16     -6 (VIOLATED)
clkbuf_leaf_22_clk/X                     10     16     -6 (VIOLATED)
clkbuf_leaf_156_clk/X                    10     15     -5 (VIOLATED)
clkbuf_leaf_178_clk/X                    10     15     -5 (VIOLATED)
clkbuf_leaf_17_clk/X                     10     15     -5 (VIOLATED)
clkbuf_leaf_219_clk/X                    10     15     -5 (VIOLATED)
clkbuf_5_16__f_clk/X                     10     14     -4 (VIOLATED)
clkbuf_5_17__f_clk/X                     10     14     -4 (VIOLATED)
clkbuf_5_18__f_clk/X                     10     14     -4 (VIOLATED)
clkbuf_5_20__f_clk/X                     10     14     -4 (VIOLATED)
clkbuf_leaf_102_clk/X                    10     14     -4 (VIOLATED)
clkbuf_leaf_122_clk/X                    10     14     -4 (VIOLATED)
clkbuf_leaf_125_clk/X                    10     14     -4 (VIOLATED)
clkbuf_leaf_128_clk/X                    10     14     -4 (VIOLATED)
clkbuf_leaf_139_clk/X                    10     14     -4 (VIOLATED)
clkbuf_leaf_13_clk/X                     10     14     -4 (VIOLATED)
clkbuf_leaf_145_clk/X                    10     14     -4 (VIOLATED)
clkbuf_leaf_18_clk/X                     10     14     -4 (VIOLATED)
clkbuf_leaf_195_clk/X                    10     14     -4 (VIOLATED)
clkbuf_leaf_21_clk/X                     10     14     -4 (VIOLATED)
clkbuf_leaf_240_clk/X                    10     14     -4 (VIOLATED)
clkbuf_leaf_241_clk/X                    10     14     -4 (VIOLATED)
clkbuf_leaf_244_clk/X                    10     14     -4 (VIOLATED)
clkbuf_leaf_24_clk/X                     10     14     -4 (VIOLATED)
clkbuf_leaf_253_clk/X                    10     14     -4 (VIOLATED)
clkbuf_leaf_254_clk/X                    10     14     -4 (VIOLATED)
clkbuf_leaf_264_clk/X                    10     14     -4 (VIOLATED)
clkbuf_leaf_274_clk/X                    10     14     -4 (VIOLATED)
clkbuf_leaf_52_clk/X                     10     14     -4 (VIOLATED)
clkbuf_leaf_75_clk/X                     10     14     -4 (VIOLATED)
clkbuf_leaf_93_clk/X                     10     14     -4 (VIOLATED)
clkbuf_leaf_96_clk/X                     10     14     -4 (VIOLATED)
clkbuf_5_19__f_clk/X                     10     13     -3 (VIOLATED)
clkbuf_5_21__f_clk/X                     10     13     -3 (VIOLATED)
clkbuf_5_22__f_clk/X                     10     13     -3 (VIOLATED)
clkbuf_5_23__f_clk/X                     10     13     -3 (VIOLATED)
clkbuf_leaf_114_clk/X                    10     13     -3 (VIOLATED)
clkbuf_leaf_127_clk/X                    10     13     -3 (VIOLATED)
clkbuf_leaf_130_clk/X                    10     13     -3 (VIOLATED)
clkbuf_leaf_152_clk/X                    10     13     -3 (VIOLATED)
clkbuf_leaf_154_clk/X                    10     13     -3 (VIOLATED)
clkbuf_leaf_171_clk/X                    10     13     -3 (VIOLATED)
clkbuf_leaf_174_clk/X                    10     13     -3 (VIOLATED)
clkbuf_leaf_184_clk/X                    10     13     -3 (VIOLATED)
clkbuf_leaf_212_clk/X                    10     13     -3 (VIOLATED)
clkbuf_leaf_213_clk/X                    10     13     -3 (VIOLATED)
clkbuf_leaf_217_clk/X                    10     13     -3 (VIOLATED)
clkbuf_leaf_234_clk/X                    10     13     -3 (VIOLATED)
clkbuf_leaf_255_clk/X                    10     13     -3 (VIOLATED)
clkbuf_leaf_37_clk/X                     10     13     -3 (VIOLATED)
clkbuf_leaf_46_clk/X                     10     13     -3 (VIOLATED)
clkbuf_leaf_51_clk/X                     10     13     -3 (VIOLATED)
clkbuf_leaf_5_clk/X                      10     13     -3 (VIOLATED)
clkbuf_leaf_62_clk/X                     10     13     -3 (VIOLATED)
clkbuf_leaf_63_clk/X                     10     13     -3 (VIOLATED)
clkbuf_leaf_64_clk/X                     10     13     -3 (VIOLATED)
clkbuf_leaf_65_clk/X                     10     13     -3 (VIOLATED)
clkbuf_leaf_68_clk/X                     10     13     -3 (VIOLATED)
clkbuf_leaf_71_clk/X                     10     13     -3 (VIOLATED)
clkbuf_leaf_78_clk/X                     10     13     -3 (VIOLATED)
clkbuf_leaf_80_clk/X                     10     13     -3 (VIOLATED)
clkbuf_leaf_81_clk/X                     10     13     -3 (VIOLATED)
clkbuf_leaf_98_clk/X                     10     13     -3 (VIOLATED)
clkbuf_5_26__f_clk/X                     10     12     -2 (VIOLATED)
clkbuf_5_29__f_clk/X                     10     12     -2 (VIOLATED)
clkbuf_leaf_107_clk/X                    10     12     -2 (VIOLATED)
clkbuf_leaf_108_clk/X                    10     12     -2 (VIOLATED)
clkbuf_leaf_109_clk/X                    10     12     -2 (VIOLATED)
clkbuf_leaf_110_clk/X                    10     12     -2 (VIOLATED)
clkbuf_leaf_113_clk/X                    10     12     -2 (VIOLATED)
clkbuf_leaf_117_clk/X                    10     12     -2 (VIOLATED)
clkbuf_leaf_123_clk/X                    10     12     -2 (VIOLATED)
clkbuf_leaf_124_clk/X                    10     12     -2 (VIOLATED)
clkbuf_leaf_132_clk/X                    10     12     -2 (VIOLATED)
clkbuf_leaf_157_clk/X                    10     12     -2 (VIOLATED)
clkbuf_leaf_181_clk/X                    10     12     -2 (VIOLATED)
clkbuf_leaf_218_clk/X                    10     12     -2 (VIOLATED)
clkbuf_leaf_250_clk/X                    10     12     -2 (VIOLATED)
clkbuf_leaf_27_clk/X                     10     12     -2 (VIOLATED)
clkbuf_leaf_283_clk/X                    10     12     -2 (VIOLATED)
clkbuf_leaf_28_clk/X                     10     12     -2 (VIOLATED)
clkbuf_leaf_290_clk/X                    10     12     -2 (VIOLATED)
clkbuf_leaf_31_clk/X                     10     12     -2 (VIOLATED)
clkbuf_leaf_40_clk/X                     10     12     -2 (VIOLATED)
clkbuf_leaf_53_clk/X                     10     12     -2 (VIOLATED)
clkbuf_leaf_77_clk/X                     10     12     -2 (VIOLATED)
clkbuf_leaf_79_clk/X                     10     12     -2 (VIOLATED)
clkbuf_leaf_97_clk/X                     10     12     -2 (VIOLATED)
clkbuf_5_12__f_clk/X                     10     11        (VIOLATED)
clkbuf_5_13__f_clk/X                     10     11        (VIOLATED)
clkbuf_5_28__f_clk/X                     10     11        (VIOLATED)
clkbuf_leaf_104_clk/X                    10     11        (VIOLATED)
clkbuf_leaf_133_clk/X                    10     11        (VIOLATED)
clkbuf_leaf_140_clk/X                    10     11        (VIOLATED)
clkbuf_leaf_142_clk/X                    10     11        (VIOLATED)
clkbuf_leaf_147_clk/X                    10     11        (VIOLATED)
clkbuf_leaf_160_clk/X                    10     11        (VIOLATED)
clkbuf_leaf_164_clk/X                    10     11        (VIOLATED)
clkbuf_leaf_172_clk/X                    10     11        (VIOLATED)
clkbuf_leaf_177_clk/X                    10     11        (VIOLATED)
clkbuf_leaf_180_clk/X                    10     11        (VIOLATED)
clkbuf_leaf_194_clk/X                    10     11        (VIOLATED)
clkbuf_leaf_197_clk/X                    10     11        (VIOLATED)
clkbuf_leaf_205_clk/X                    10     11        (VIOLATED)
clkbuf_leaf_208_clk/X                    10     11        (VIOLATED)
clkbuf_leaf_209_clk/X                    10     11        (VIOLATED)
clkbuf_leaf_210_clk/X                    10     11        (VIOLATED)
clkbuf_leaf_220_clk/X                    10     11        (VIOLATED)
clkbuf_leaf_233_clk/X                    10     11        (VIOLATED)
clkbuf_leaf_239_clk/X                    10     11        (VIOLATED)
clkbuf_leaf_25_clk/X                     10     11        (VIOLATED)
clkbuf_leaf_266_clk/X                    10     11        (VIOLATED)
clkbuf_leaf_267_clk/X                    10     11        (VIOLATED)
clkbuf_leaf_268_clk/X                    10     11        (VIOLATED)
clkbuf_leaf_26_clk/X                     10     11        (VIOLATED)
clkbuf_leaf_271_clk/X                    10     11        (VIOLATED)
clkbuf_leaf_272_clk/X                    10     11        (VIOLATED)
clkbuf_leaf_273_clk/X                    10     11        (VIOLATED)
clkbuf_leaf_286_clk/X                    10     11        (VIOLATED)
clkbuf_leaf_29_clk/X                     10     11        (VIOLATED)
clkbuf_leaf_35_clk/X                     10     11        (VIOLATED)
clkbuf_leaf_47_clk/X                     10     11        (VIOLATED)
clkbuf_leaf_66_clk/X                     10     11        (VIOLATED)
clkbuf_leaf_67_clk/X                     10     11        (VIOLATED)
clkbuf_leaf_87_clk/X                     10     11        (VIOLATED)
clkbuf_leaf_90_clk/X                     10     11        (VIOLATED)


max slew violations count Typical: 0
max fanout violations count Typical: 130
max cap violations count Typical: 0

===========================================================================
report_parasitic_annotation -report_unannotated
============================================================================
Found 364 unannotated drivers.
 _31746__123/HI
 _31747__124/HI
 _31748__125/HI
 _31749__126/HI
 clkload0/Y
 clkload1/Y
 clkload10/Y
 clkload100/Y
 clkload101/Y
 clkload102/Y
 clkload103/Y
 clkload104/Y
 clkload105/Y
 clkload106/Y
 clkload107/Y
 clkload108/Y
 clkload109/Y
 clkload11/X
 clkload110/Y
 clkload111/Y
 clkload112/Y
 clkload113/Y
 clkload114/Y
 clkload115/Y
 clkload116/Y
 clkload117/X
 clkload118/Y
 clkload119/Y
 clkload12/Y
 clkload120/Y
 clkload121/Y
 clkload122/Y
 clkload123/Y
 clkload124/Y
 clkload125/Y
 clkload126/X
 clkload127/Y
 clkload128/Y
 clkload129/Y
 clkload13/Y
 clkload130/Y
 clkload131/Y
 clkload132/Y
 clkload133/Y
 clkload134/Y
 clkload135/Y
 clkload136/X
 clkload137/Y
 clkload138/Y
 clkload139/X
 clkload14/X
 clkload140/Y
 clkload141/Y
 clkload142/Y
 clkload143/Y
 clkload144/Y
 clkload145/Y
 clkload146/Y
 clkload147/Y
 clkload148/Y
 clkload149/Y
 clkload15/X
 clkload150/Y
 clkload151/Y
 clkload152/Y
 clkload153/Y
 clkload154/Y
 clkload155/Y
 clkload156/Y
 clkload157/Y
 clkload158/Y
 clkload159/Y
 clkload16/Y
 clkload160/Y
 clkload161/Y
 clkload162/Y
 clkload163/Y
 clkload164/Y
 clkload165/Y
 clkload166/Y
 clkload167/Y
 clkload168/Y
 clkload169/Y
 clkload17/Y
 clkload170/X
 clkload171/Y
 clkload172/Y
 clkload173/Y
 clkload174/Y
 clkload175/Y
 clkload176/Y
 clkload177/Y
 clkload178/Y
 clkload179/Y
 clkload18/Y
 clkload180/Y
 clkload181/Y
 clkload182/Y
 clkload183/Y
 clkload184/Y
 clkload185/Y
 clkload186/Y
 clkload187/Y
 clkload188/Y
 clkload189/Y
 clkload19/Y
 clkload190/Y
 clkload191/Y
 clkload192/Y
 clkload193/Y
 clkload194/Y
 clkload195/Y
 clkload196/Y
 clkload197/Y
 clkload198/Y
 clkload199/Y
 clkload2/Y
 clkload20/Y
 clkload200/Y
 clkload201/Y
 clkload202/Y
 clkload203/Y
 clkload204/Y
 clkload205/Y
 clkload206/Y
 clkload207/Y
 clkload208/Y
 clkload209/Y
 clkload21/Y
 clkload210/Y
 clkload211/X
 clkload212/Y
 clkload213/Y
 clkload214/X
 clkload215/Y
 clkload216/Y
 clkload217/Y
 clkload218/Y
 clkload219/Y
 clkload22/Y
 clkload220/Y
 clkload221/Y
 clkload222/Y
 clkload223/Y
 clkload224/Y
 clkload225/X
 clkload226/Y
 clkload227/Y
 clkload228/Y
 clkload229/Y
 clkload23/Y
 clkload230/Y
 clkload231/Y
 clkload232/Y
 clkload233/Y
 clkload234/Y
 clkload235/Y
 clkload236/Y
 clkload237/Y
 clkload238/Y
 clkload239/Y
 clkload24/X
 clkload240/Y
 clkload241/Y
 clkload242/Y
 clkload243/Y
 clkload244/Y
 clkload245/Y
 clkload246/Y
 clkload247/Y
 clkload248/Y
 clkload249/Y
 clkload25/Y
 clkload250/Y
 clkload251/Y
 clkload252/Y
 clkload253/Y
 clkload254/Y
 clkload255/Y
 clkload256/Y
 clkload257/Y
 clkload258/Y
 clkload259/Y
 clkload26/Y
 clkload260/Y
 clkload261/Y
 clkload262/Y
 clkload263/Y
 clkload264/Y
 clkload265/Y
 clkload266/Y
 clkload267/Y
 clkload268/Y
 clkload269/Y
 clkload27/Y
 clkload270/Y
 clkload271/Y
 clkload272/Y
 clkload273/Y
 clkload274/Y
 clkload275/Y
 clkload276/Y
 clkload277/Y
 clkload278/Y
 clkload279/X
 clkload28/Y
 clkload280/Y
 clkload281/Y
 clkload282/Y
 clkload283/Y
 clkload284/Y
 clkload285/X
 clkload286/Y
 clkload287/Y
 clkload288/Y
 clkload289/Y
 clkload29/Y
 clkload290/Y
 clkload291/Y
 clkload292/Y
 clkload293/X
 clkload294/Y
 clkload295/Y
 clkload296/Y
 clkload297/Y
 clkload298/Y
 clkload299/Y
 clkload3/Y
 clkload30/Y
 clkload300/Y
 clkload301/Y
 clkload302/X
 clkload303/Y
 clkload304/Y
 clkload305/Y
 clkload306/Y
 clkload307/Y
 clkload308/Y
 clkload309/Y
 clkload31/Y
 clkload310/X
 clkload311/Y
 clkload312/Y
 clkload313/Y
 clkload314/Y
 clkload315/Y
 clkload316/Y
 clkload317/X
 clkload318/Y
 clkload319/Y
 clkload32/Y
 clkload320/Y
 clkload321/Y
 clkload322/Y
 clkload323/Y
 clkload324/X
 clkload325/Y
 clkload326/Y
 clkload327/Y
 clkload328/Y
 clkload329/Y
 clkload33/Y
 clkload330/X
 clkload331/Y
 clkload332/Y
 clkload333/Y
 clkload334/Y
 clkload335/Y
 clkload336/Y
 clkload337/Y
 clkload338/X
 clkload339/Y
 clkload34/Y
 clkload340/Y
 clkload341/Y
 clkload342/Y
 clkload343/Y
 clkload344/Y
 clkload345/Y
 clkload346/Y
 clkload347/X
 clkload348/Y
 clkload349/Y
 clkload35/Y
 clkload350/Y
 clkload351/Y
 clkload352/Y
 clkload353/Y
 clkload354/Y
 clkload355/Y
 clkload356/Y
 clkload357/Y
 clkload358/Y
 clkload359/Y
 clkload36/Y
 clkload37/Y
 clkload38/Y
 clkload39/Y
 clkload4/Y
 clkload40/Y
 clkload41/X
 clkload42/Y
 clkload43/Y
 clkload44/Y
 clkload45/Y
 clkload46/Y
 clkload47/Y
 clkload48/Y
 clkload49/Y
 clkload5/Y
 clkload50/Y
 clkload51/Y
 clkload52/Y
 clkload53/Y
 clkload54/Y
 clkload55/Y
 clkload56/Y
 clkload57/Y
 clkload58/Y
 clkload59/Y
 clkload6/Y
 clkload60/Y
 clkload61/Y
 clkload62/Y
 clkload63/Y
 clkload64/Y
 clkload65/Y
 clkload66/X
 clkload67/X
 clkload68/Y
 clkload69/Y
 clkload7/Y
 clkload70/X
 clkload71/Y
 clkload72/Y
 clkload73/X
 clkload74/Y
 clkload75/X
 clkload76/Y
 clkload77/Y
 clkload78/Y
 clkload79/Y
 clkload8/Y
 clkload80/Y
 clkload81/Y
 clkload82/Y
 clkload83/Y
 clkload84/Y
 clkload85/Y
 clkload86/Y
 clkload87/Y
 clkload88/Y
 clkload89/Y
 clkload9/Y
 clkload90/X
 clkload91/Y
 clkload92/Y
 clkload93/Y
 clkload94/X
 clkload95/Y
 clkload96/Y
 clkload97/Y
 clkload98/Y
 clkload99/Y
Found 3397 partially unannotated drivers.
 clk
 _14585_/X
 _14586_/X
 _14587_/X
 _14588_/X
 _14589_/X
 _14590_/Y
 _14591_/X
 _14592_/X
 _14593_/Y
 _14594_/X
 _14595_/Y
 _14596_/X
 _14599_/X
 _14600_/X
 _14603_/X
 _14604_/X
 _14607_/X
 _14608_/X
 _14613_/X
 _14614_/X
 _14617_/X
 _14618_/X
 _14621_/X
 _14622_/X
 _14625_/X
 _14626_/X
 _14629_/X
 _14630_/X
 _14633_/X
 _14634_/X
 _14637_/X
 _14638_/X
 _14639_/X
 _14642_/X
 _14643_/X
 _14646_/X
 _14647_/X
 _14650_/X
 _14651_/X
 _14654_/X
 _14655_/X
 _14658_/X
 _14659_/X
 _14662_/X
 _14663_/X
 _14666_/X
 _14667_/X
 _14670_/X
 _14671_/X
 _14674_/X
 _14675_/X
 _14678_/X
 _14679_/X
 _14683_/X
 _14684_/X
 _14687_/X
 _14688_/X
 _14691_/X
 _14692_/X
 _14695_/X
 _14696_/X
 _14699_/X
 _14700_/X
 _14703_/X
 _14704_/X
 _14707_/X
 _14708_/X
 _14711_/X
 _14712_/X
 _14715_/X
 _14716_/X
 _14719_/X
 _14720_/X
 _14723_/X
 _14724_/X
 _14728_/X
 _14729_/X
 _14731_/X
 _14736_/Y
 _14737_/X
 _14738_/X
 _14739_/X
 _14741_/X
 _14743_/X
 _14744_/X
 _14745_/X
 _14747_/X
 _14748_/X
 _14750_/X
 _14751_/X
 _14752_/X
 _14754_/X
 _14755_/Y
 _14756_/Y
 _14757_/X
 _14759_/X
 _14760_/X
 _14761_/X
 _14762_/Y
 _14764_/Y
 _14766_/X
 _14767_/X
 _14768_/Y
 _14769_/Y
 _14771_/Y
 _14772_/X
 _14773_/Y
 _14775_/X
 _14777_/X
 _14778_/X
 _14780_/X
 _14782_/X
 _14783_/Y
 _14784_/Y
 _14788_/X
 _14790_/X
 _14791_/Y
 _14793_/X
 _14795_/X
 _14796_/Y
 _14797_/Y
 _14800_/X
 _14802_/Y
 _14804_/X
 _14805_/X
 _14806_/Y
 _14807_/Y
 _14809_/X
 _14810_/Y
 _14811_/Y
 _14813_/Y
 _14815_/X
 _14816_/Y
 _14817_/X
 _14819_/Y
 _14820_/Y
 _14821_/X
 _14822_/Y
 _14825_/X
 _14826_/Y
 _14828_/Y
 _14829_/X
 _14832_/X
 _14834_/X
 _14836_/X
 _14837_/Y
 _14838_/Y
 _14839_/Y
 _14840_/Y
 _14841_/X
 _14843_/X
 _14844_/X
 _14845_/Y
 _14848_/X
 _14849_/Y
 _14850_/Y
 _14852_/Y
 _14857_/X
 _14858_/Y
 _14860_/X
 _14861_/Y
 _14862_/Y
 _14863_/Y
 _14866_/X
 _14867_/X
 _14868_/Y
 _14869_/Y
 _14871_/X
 _14872_/Y
 _14873_/X
 _14876_/Y
 _14877_/X
 _14878_/X
 _14879_/X
 _14880_/Y
 _14882_/X
 _14886_/X
 _14887_/X
 _14888_/X
 _14890_/X
 _14891_/X
 _14896_/X
 _14897_/Y
 _14898_/X
 _14899_/Y
 _14900_/Y
 _14901_/X
 _14903_/Y
 _14904_/Y
 _14908_/Y
 _14909_/Y
 _14912_/Y
 _14913_/X
 _14915_/Y
 _14916_/X
 _14920_/Y
 _14921_/Y
 _14923_/Y
 _14926_/X
 _14929_/X
 _14931_/X
 _14934_/X
 _14935_/Y
 _14937_/X
 _14939_/X
 _14940_/Y
 _14943_/X
 _14944_/Y
 _14947_/X
 _14948_/Y
 _14951_/X
 _14952_/X
 _14955_/X
 _14956_/Y
 _14957_/Y
 _14958_/Y
 _14960_/X
 _14961_/Y
 _14964_/Y
 _14965_/Y
 _14966_/X
 _14968_/X
 _14972_/X
 _14974_/Y
 _14975_/Y
 _14977_/X
 _14978_/Y
 _14979_/X
 _14980_/Y
 _14983_/Y
 _14985_/X
 _14988_/Y
 _14989_/X
 _14991_/X
 _14993_/Y
 _14994_/X
 _14995_/X
 _14997_/Y
 _14998_/Y
 _15000_/X
 _15001_/X
 _15002_/Y
 _15005_/Y
 _15006_/X
 _15011_/X
 _15013_/X
 _15015_/Y
 _15017_/Y
 _15024_/X
 _15025_/X
 _15026_/X
 _15034_/X
 _15039_/Y
 _15041_/X
 _15043_/Y
 _15049_/Y
 _15052_/X
 _15057_/Y
 _15059_/Y
 _15060_/X
 _15061_/Y
 _15066_/X
 _15071_/X
 _15076_/Y
 _15077_/X
 _15082_/Y
 _15088_/Y
 _15091_/X
 _15092_/X
 _15093_/X
 _15096_/X
 _15099_/Y
 _15101_/X
 _15103_/Y
 _15104_/Y
 _15107_/X
 _15109_/X
 _15111_/Y
 _15114_/Y
 _15117_/X
 _15119_/X
 _15120_/X
 _15121_/Y
 _15123_/Y
 _15126_/Y
 _15127_/Y
 _15136_/X
 _15138_/X
 _15143_/X
 _15145_/Y
 _15149_/Y
 _15152_/Y
 _15157_/X
 _15159_/X
 _15162_/X
 _15170_/Y
 _15173_/X
 _15174_/Y
 _15175_/X
 _15178_/Y
 _15182_/X
 _15184_/X
 _15189_/X
 _15194_/X
 _15195_/X
 _15201_/X
 _15202_/Y
 _15210_/Y
 _15212_/X
 _15215_/X
 _15216_/X
 _15217_/Y
 _15218_/Y
 _15219_/X
 _15223_/X
 _15225_/X
 _15226_/X
 _15228_/X
 _15230_/X
 _15232_/X
 _15236_/X
 _15238_/X
 _15240_/Y
 _15243_/X
 _15245_/Y
 _15251_/X
 _15253_/X
 _15256_/Y
 _15260_/X
 _15261_/Y
 _15262_/Y
 _15265_/X
 _15269_/X
 _15274_/X
 _15276_/X
 _15282_/X
 _15285_/X
 _15291_/X
 _15293_/X
 _15297_/X
 _15298_/X
 _15308_/X
 _15309_/X
 _15314_/X
 _15316_/Y
 _15325_/Y
 _15328_/Y
 _15331_/Y
 _15335_/Y
 _15336_/X
 _15342_/X
 _15350_/X
 _15352_/X
 _15356_/X
 _15360_/X
 _15362_/X
 _15363_/Y
 _15365_/X
 _15367_/X
 _15368_/X
 _15372_/X
 _15376_/X
 _15382_/X
 _15384_/Y
 _15388_/X
 _15390_/X
 _15392_/X
 _15394_/Y
 _15396_/Y
 _15398_/X
 _15406_/X
 _15407_/X
 _15412_/X
 _15416_/Y
 _15423_/X
 _15425_/X
 _15426_/X
 _15428_/X
 _15433_/X
 _15443_/X
 _15444_/X
 _15449_/Y
 _15453_/Y
 _15456_/X
 _15463_/X
 _15466_/Y
 _15473_/Y
 _15480_/X
 _15487_/X
 _15490_/X
 _15491_/X
 _15493_/Y
 _15505_/Y
 _15513_/X
 _15517_/X
 _15520_/X
 _15525_/X
 _15526_/X
 _15543_/X
 _15544_/X
 _15547_/Y
 _15557_/Y
 _15563_/X
 _15564_/Y
 _15565_/X
 _15568_/Y
 _15570_/X
 _15581_/X
 _15582_/X
 _15591_/X
 _15612_/X
 _15637_/X
 _15638_/Y
 _15640_/Y
 _15644_/X
 _15647_/X
 _15650_/X
 _15653_/X
 _15656_/X
 _15659_/X
 _15662_/X
 _15665_/X
 _15668_/X
 _15671_/X
 _15672_/X
 _15675_/X
 _15678_/X
 _15681_/X
 _15684_/X
 _15687_/X
 _15690_/X
 _15693_/X
 _15696_/X
 _15699_/X
 _15702_/X
 _15703_/X
 _15706_/X
 _15709_/X
 _15712_/X
 _15715_/X
 _15718_/X
 _15721_/X
 _15724_/X
 _15727_/X
 _15728_/X
 _15730_/X
 _15733_/X
 _15736_/X
 _15739_/X
 _15740_/Y
 _15762_/X
 _15783_/X
 _15809_/Y
 _15810_/X
 _15831_/X
 _15852_/X
 _15879_/X
 _15880_/Y
 _15881_/X
 _15902_/X
 _15923_/X
 _15949_/X
 _15970_/X
 _15991_/X
 _16016_/Y
 _16017_/Y
 _16018_/Y
 _16019_/X
 _16040_/X
 _16061_/X
 _16074_/X
 _16086_/Y
 _16087_/X
 _16108_/X
 _16129_/X
 _16154_/X
 _16155_/Y
 _16156_/X
 _16159_/X
 _16162_/X
 _16165_/X
 _16168_/X
 _16171_/X
 _16174_/X
 _16177_/X
 _16180_/X
 _16183_/X
 _16186_/X
 _16187_/X
 _16190_/X
 _16196_/X
 _16199_/X
 _16202_/X
 _16205_/X
 _16208_/X
 _16211_/X
 _16214_/X
 _16217_/X
 _16218_/X
 _16221_/X
 _16224_/X
 _16227_/X
 _16230_/X
 _16233_/X
 _16236_/X
 _16239_/X
 _16242_/X
 _16245_/X
 _16248_/X
 _16251_/X
 _16254_/Y
 _16255_/X
 _16276_/X
 _16297_/X
 _16322_/Y
 _16323_/X
 _16344_/X
 _16365_/X
 _16390_/Y
 _16391_/X
 _16412_/X
 _16458_/Y
 _16459_/X
 _16460_/X
 _16461_/X
 _16468_/X
 _16482_/X
 _16499_/X
 _16503_/X
 _16528_/Y
 _16529_/X
 _16550_/X
 _16571_/X
 _16596_/X
 _16597_/Y
 _16598_/X
 _16619_/X
 _16640_/X
 _16665_/Y
 _16687_/X
 _16708_/X
 _16733_/Y
 _16734_/X
 _16755_/X
 _16776_/X
 _16813_/X
 _16814_/X
 _16844_/X
 _16859_/X
 _16869_/Y
 _16870_/X
 _16880_/X
 _16891_/X
 _16912_/X
 _16937_/Y
 _16938_/X
 _16959_/X
 _16966_/X
 _16980_/X
 _17005_/X
 _17006_/X
 _17007_/X
 _17028_/X
 _17049_/X
 _17074_/Y
 _17096_/X
 _17117_/X
 _17132_/X
 _17133_/X
 _17142_/Y
 _17143_/X
 _17164_/X
 _17185_/X
 _17210_/Y
 _17232_/X
 _17253_/X
 _17279_/X
 _17301_/X
 _17347_/Y
 _17369_/X
 _17390_/X
 _17416_/X
 _17437_/X
 _17458_/X
 _17505_/X
 _17526_/X
 _17552_/X
 _17573_/X
 _17594_/X
 _17619_/Y
 _17620_/X
 _17641_/X
 _17662_/X
 _17709_/X
 _17730_/X
 _17756_/X
 _17763_/X
 _17766_/Y
 _17776_/X
 _17777_/X
 _17784_/Y
 _17806_/X
 _17809_/X
 _17812_/X
 _17815_/X
 _17821_/X
 _17824_/X
 _17827_/X
 _17830_/X
 _17833_/X
 _17836_/X
 _17839_/X
 _17841_/X
 _17842_/X
 _17845_/X
 _17852_/X
 _17864_/X
 _17882_/X
 _17889_/X
 _17890_/X
 _17892_/X
 _17895_/X
 _17904_/X
 _17906_/X
 _17919_/X
 _17937_/X
 _17941_/X
 _17948_/X
 _17951_/Y
 _17958_/X
 _17959_/X
 _17960_/X
 _17963_/X
 _17976_/Y
 _17982_/X
 _17983_/X
 _17993_/Y
 _18001_/Y
 _18028_/Y
 _18042_/X
 _18045_/X
 _18047_/X
 _18055_/X
 _18061_/Y
 _18069_/Y
 _18073_/X
 _18088_/X
 _18095_/X
 _18105_/Y
 _18107_/X
 _18110_/X
 _18123_/X
 _18126_/X
 _18128_/Y
 _18143_/X
 _18145_/X
 _18160_/X
 _18162_/X
 _18168_/X
 _18183_/Y
 _18191_/X
 _18196_/Y
 _18201_/Y
 _18203_/X
 _18205_/Y
 _18209_/Y
 _18214_/X
 _18234_/Y
 _18238_/Y
 _18239_/Y
 _18242_/X
 _18245_/Y
 _18256_/Y
 _18257_/Y
 _18265_/X
 _18269_/X
 _18277_/Y
 _18284_/X
 _18289_/X
 _18290_/X
 _18297_/X
 _18298_/X
 _18300_/X
 _18303_/X
 _18304_/X
 _18308_/X
 _18313_/X
 _18317_/X
 _18319_/X
 _18323_/X
 _18332_/X
 _18333_/X
 _18337_/Y
 _18355_/Y
 _18359_/Y
 _18360_/X
 _18362_/X
 _18364_/Y
 _18365_/X
 _18367_/X
 _18376_/X
 _18377_/Y
 _18400_/X
 _18404_/X
 _18405_/X
 _18407_/X
 _18408_/Y
 _18412_/Y
 _18413_/X
 _18420_/X
 _18421_/X
 _18422_/X
 _18425_/X
 _18430_/Y
 _18435_/Y
 _18436_/X
 _18437_/X
 _18442_/Y
 _18443_/Y
 _18446_/Y
 _18456_/X
 _18462_/X
 _18463_/Y
 _18474_/X
 _18475_/Y
 _18479_/X
 _18484_/X
 _18492_/X
 _18502_/X
 _18504_/X
 _18510_/Y
 _18516_/X
 _18525_/X
 _18528_/Y
 _18546_/X
 _18547_/X
 _18549_/X
 _18557_/X
 _18565_/X
 _18570_/X
 _18571_/X
 _18577_/X
 _18582_/Y
 _18595_/Y
 _18602_/X
 _18605_/X
 _18609_/X
 _18613_/Y
 _18621_/X
 _18631_/X
 _18651_/X
 _18658_/X
 _18659_/X
 _18667_/Y
 _18671_/X
 _18672_/X
 _18681_/X
 _18693_/Y
 _18694_/X
 _18696_/X
 _18699_/X
 _18702_/X
 _18719_/X
 _18727_/X
 _18744_/X
 _18748_/X
 _18751_/Y
 _18753_/X
 _18758_/X
 _18759_/X
 _18763_/X
 _18780_/X
 _18783_/X
 _18795_/Y
 _18799_/X
 _18803_/Y
 _18815_/Y
 _18830_/X
 _18845_/Y
 _18849_/Y
 _18862_/Y
 _18866_/X
 _18895_/X
 _18896_/X
 _18902_/X
 _18907_/X
 _18908_/X
 _18911_/Y
 _18918_/X
 _18919_/X
 _18922_/X
 _18923_/X
 _18939_/X
 _18953_/X
 _18968_/X
 _18970_/X
 _18976_/X
 _18980_/X
 _18984_/Y
 _18997_/X
 _18998_/X
 _19000_/X
 _19016_/X
 _19018_/Y
 _19033_/Y
 _19034_/X
 _19072_/X
 _19087_/Y
 _19096_/X
 _19156_/Y
 _19157_/Y
 _19179_/X
 _19209_/Y
 _19232_/Y
 _19233_/X
 _19240_/Y
 _19248_/X
 _19257_/X
 _19266_/X
 _19274_/X
 _19286_/X
 _19289_/X
 _19291_/X
 _19295_/X
 _19296_/Y
 _19298_/X
 _19299_/Y
 _19300_/X
 _19302_/X
 _19303_/X
 _19304_/X
 _19305_/X
 _19306_/X
 _19307_/X
 _19308_/X
 _19309_/X
 _19310_/Y
 _19311_/Y
 _19312_/Y
 _19313_/X
 _19314_/X
 _19315_/X
 _19316_/X
 _19317_/X
 _19319_/Y
 _19320_/Y
 _19321_/X
 _19322_/X
 _19323_/X
 _19324_/X
 _19325_/X
 _19326_/Y
 _19327_/Y
 _19328_/Y
 _19329_/X
 _19330_/X
 _19331_/X
 _19332_/X
 _19333_/X
 _19334_/X
 _19335_/Y
 _19336_/X
 _19337_/X
 _19338_/X
 _19339_/X
 _19340_/X
 _19343_/Y
 _19344_/Y
 _19345_/Y
 _19347_/Y
 _19348_/X
 _19349_/X
 _19350_/X
 _19351_/X
 _19352_/X
 _19353_/X
 _19354_/Y
 _19355_/X
 _19356_/X
 _19357_/Y
 _19358_/X
 _19359_/X
 _19360_/X
 _19361_/X
 _19362_/X
 _19363_/X
 _19364_/Y
 _19365_/X
 _19366_/X
 _19367_/X
 _19368_/X
 _19370_/X
 _19371_/Y
 _19372_/X
 _19373_/X
 _19375_/X
 _19376_/X
 _19380_/X
 _19381_/X
 _19382_/X
 _19383_/X
 _19384_/X
 _19385_/X
 _19386_/X
 _19387_/X
 _19388_/X
 _19389_/X
 _19390_/X
 _19391_/X
 _19392_/X
 _19393_/X
 _19394_/X
 _19395_/X
 _19396_/X
 _19399_/X
 _19400_/X
 _19401_/X
 _19402_/X
 _19403_/X
 _19404_/X
 _19405_/X
 _19406_/X
 _19407_/X
 _19408_/X
 _19409_/X
 _19410_/X
 _19411_/X
 _19416_/X
 _19417_/X
 _19418_/X
 _19419_/X
 _19420_/X
 _19421_/X
 _19422_/X
 _19423_/X
 _19425_/X
 _19426_/X
 _19427_/X
 _19428_/X
 _19429_/X
 _19430_/X
 _19432_/X
 _19433_/X
 _19434_/X
 _19435_/X
 _19436_/X
 _19437_/X
 _19441_/X
 _19442_/X
 _19443_/X
 _19445_/X
 _19446_/X
 _19447_/X
 _19448_/X
 _19454_/Y
 _19455_/X
 _19456_/X
 _19457_/X
 _19458_/X
 _19461_/X
 _19464_/X
 _19465_/X
 _19467_/X
 _19468_/X
 _19469_/X
 _19470_/X
 _19472_/X
 _19473_/X
 _19480_/X
 _19481_/X
 _19483_/X
 _19484_/X
 _19485_/X
 _19486_/X
 _19487_/X
 _19488_/X
 _19493_/X
 _19494_/X
 _19500_/Y
 _19501_/X
 _19503_/Y
 _19506_/X
 _19507_/X
 _19508_/X
 _19509_/X
 _19510_/X
 _19511_/X
 _19514_/X
 _19515_/X
 _19516_/X
 _19519_/X
 _19520_/X
 _19524_/X
 _19525_/X
 _19527_/X
 _19532_/X
 _19533_/X
 _19534_/X
 _19539_/X
 _19541_/X
 _19555_/X
 _19558_/X
 _19564_/Y
 _19565_/X
 _19566_/Y
 _19567_/X
 _19569_/X
 _19571_/X
 _19577_/X
 _19613_/Y
 _19615_/Y
 _19620_/X
 _19621_/Y
 _19623_/X
 _19624_/X
 _19625_/X
 _19626_/Y
 _19628_/X
 _19629_/X
 _19630_/X
 _19632_/Y
 _19633_/Y
 _19634_/X
 _19635_/X
 _19636_/X
 _19637_/X
 _19638_/Y
 _19639_/Y
 _19640_/X
 _19641_/X
 _19642_/X
 _19644_/X
 _19645_/Y
 _19646_/X
 _19647_/X
 _19648_/X
 _19649_/Y
 _19650_/X
 _19651_/X
 _19652_/X
 _19653_/X
 _19654_/Y
 _19655_/X
 _19656_/X
 _19657_/Y
 _19658_/X
 _19659_/X
 _19661_/X
 _19662_/X
 _19665_/X
 _19668_/X
 _19670_/X
 _19671_/X
 _19673_/X
 _19674_/X
 _19677_/X
 _19680_/X
 _19681_/X
 _19682_/X
 _19687_/X
 _19688_/X
 _19689_/X
 _19693_/X
 _19694_/X
 _19696_/X
 _19697_/X
 _19700_/X
 _19701_/X
 _19704_/X
 _19712_/X
 _19717_/X
 _19720_/X
 _19724_/X
 _19725_/X
 _19726_/X
 _19728_/X
 _19729_/X
 _19733_/X
 _19736_/X
 _19742_/X
 _19752_/X
 _19757_/X
 _19759_/X
 _19775_/Y
 _19776_/X
 _19777_/X
 _19782_/X
 _19786_/X
 _19790_/X
 _19808_/X
 _19823_/X
 _19824_/Y
 _19827_/X
 _19828_/X
 _19830_/X
 _19832_/X
 _19833_/X
 _19836_/X
 _19837_/X
 _19838_/X
 _19841_/X
 _19842_/X
 _19843_/X
 _19858_/X
 _19859_/Y
 _19864_/X
 _19865_/X
 _19868_/X
 _19869_/X
 _19871_/X
 _19875_/X
 _19878_/X
 _19881_/X
 _19882_/X
 _19887_/X
 _19891_/X
 _19895_/X
 _19896_/X
 _19908_/X
 _19931_/Y
 _19934_/Y
 _19936_/X
 _19937_/X
 _19945_/X
 _19948_/X
 _19949_/X
 _19958_/X
 _19964_/X
 _19982_/Y
 _19988_/X
 _19998_/X
 _20003_/X
 _20019_/X
 _20025_/X
 _20027_/X
 _20039_/X
 _20073_/X
 _20089_/X
 _20092_/X
 _20101_/X
 _20105_/X
 _20109_/X
 _20119_/Y
 _20123_/Y
 _20129_/X
 _20136_/X
 _20142_/X
 _20144_/X
 _20149_/X
 _20163_/X
 _20165_/X
 _20168_/Y
 _20198_/X
 _20212_/Y
 _20213_/X
 _20215_/X
 _20218_/X
 _20219_/X
 _20223_/X
 _20229_/X
 _20242_/X
 _20245_/X
 _20256_/X
 _20259_/X
 _20263_/X
 _20265_/X
 _20293_/X
 _20304_/Y
 _20306_/X
 _20317_/X
 _20319_/X
 _20324_/X
 _20328_/X
 _20335_/X
 _20336_/X
 _20338_/X
 _20341_/X
 _20342_/X
 _20343_/X
 _20344_/X
 _20346_/X
 _20352_/X
 _20354_/Y
 _20367_/X
 _20376_/X
 _20379_/X
 _20380_/X
 _20399_/Y
 _20404_/X
 _20444_/X
 _20445_/Y
 _20471_/X
 _20489_/Y
 _20500_/X
 _20517_/X
 _20528_/X
 _20529_/X
 _20530_/X
 _20531_/X
 _20532_/X
 _20533_/X
 _20534_/X
 _20535_/X
 _20536_/X
 _20537_/X
 _20538_/X
 _20540_/X
 _20541_/X
 _20542_/X
 _20544_/X
 _20545_/X
 _20546_/X
 _20547_/X
 _20548_/X
 _20549_/X
 _20553_/X
 _20554_/X
 _20556_/X
 _20558_/X
 _20559_/X
 _20560_/X
 _20567_/Y
 _20568_/X
 _20569_/X
 _20572_/X
 _20575_/X
 _20576_/X
 _20577_/X
 _20581_/Y
 _20583_/X
 _20591_/X
 _20592_/X
 _20594_/X
 _20606_/X
 _20609_/X
 _20612_/Y
 _20618_/X
 _20620_/X
 _20621_/X
 _20629_/Y
 _20649_/X
 _20665_/X
 _20673_/Y
 _20674_/X
 _20677_/X
 _20694_/X
 _20695_/X
 _20702_/X
 _20704_/X
 _20705_/X
 _20706_/X
 _20708_/X
 _20712_/X
 _20714_/X
 _20720_/Y
 _20722_/Y
 _20723_/X
 _20732_/X
 _20733_/X
 _20734_/X
 _20743_/X
 _20746_/X
 _20755_/X
 _20762_/X
 _20770_/X
 _20774_/X
 _20779_/X
 _20784_/X
 _20788_/X
 _20792_/X
 _20793_/X
 _20796_/X
 _20797_/X
 _20803_/X
 _20833_/Y
 _20834_/X
 _20835_/Y
 _20843_/X
 _20854_/Y
 _20887_/X
 _20889_/X
 _20892_/Y
 _20940_/X
 _20950_/Y
 _20952_/X
 _21009_/X
 _21023_/X
 _21032_/X
 _21064_/Y
 _21078_/X
 _21095_/X
 _21099_/X
 _21104_/X
 _21106_/X
 _21107_/X
 _21116_/X
 _21125_/X
 _21130_/X
 _21138_/X
 _21146_/X
 _21153_/X
 _21154_/X
 _21159_/X
 _21161_/X
 _21175_/Y
 _21177_/X
 _21181_/Y
 _21182_/X
 _21186_/X
 _21192_/X
 _21204_/X
 _21209_/X
 _21212_/Y
 _21214_/Y
 _21215_/Y
 _21227_/Y
 _21229_/X
 _21236_/Y
 _21238_/X
 _21240_/Y
 _21241_/X
 _21243_/X
 _21247_/Y
 _21248_/X
 _21250_/X
 _21251_/X
 _21252_/X
 _21254_/X
 _21255_/X
 _21256_/X
 _21257_/X
 _21258_/X
 _21261_/X
 _21262_/X
 _21263_/X
 _21264_/X
 _21265_/X
 _21266_/X
 _21267_/X
 _21269_/X
 _21270_/X
 _21271_/X
 _21272_/X
 _21273_/X
 _21274_/X
 _21275_/X
 _21278_/X
 _21280_/X
 _21281_/X
 _21285_/X
 _21286_/X
 _21287_/X
 _21288_/X
 _21289_/X
 _21290_/X
 _21291_/X
 _21292_/X
 _21293_/X
 _21296_/Y
 _21297_/X
 _21298_/X
 _21299_/X
 _21302_/X
 _21303_/X
 _21304_/X
 _21305_/X
 _21306_/X
 _21307_/X
 _21308_/X
 _21309_/X
 _21310_/X
 _21313_/Y
 _21314_/X
 _21315_/X
 _21316_/X
 _21327_/Y
 _21330_/X
 _21333_/X
 _21360_/X
 _21363_/X
 _21365_/X
 _21366_/X
 _21367_/X
 _21368_/X
 _21370_/X
 _21371_/X
 _21373_/X
 _21375_/X
 _21376_/X
 _21377_/X
 _21379_/X
 _21382_/Y
 _21383_/X
 _21388_/X
 _21392_/X
 _21396_/X
 _21399_/X
 _21403_/X
 _21407_/X
 _21411_/X
 _21413_/X
 _21414_/X
 _21415_/X
 _21417_/X
 _21421_/X
 _21422_/X
 _21423_/X
 _21424_/X
 _21425_/X
 _21427_/X
 _21428_/X
 _21430_/X
 _21433_/X
 _21434_/X
 _21436_/X
 _21437_/X
 _21440_/Y
 _21441_/X
 _21445_/X
 _21448_/X
 _21456_/X
 _21459_/X
 _21464_/X
 _21466_/X
 _21467_/X
 _21469_/X
 _21471_/X
 _21478_/X
 _21482_/X
 _21486_/X
 _21487_/X
 _21488_/X
 _21489_/X
 _21491_/X
 _21492_/X
 _21499_/X
 _21503_/X
 _21507_/X
 _21508_/X
 _21510_/X
 _21513_/Y
 _21518_/X
 _21519_/X
 _21524_/X
 _21526_/X
 _21537_/X
 _21538_/X
 _21540_/X
 _21542_/X
 _21543_/X
 _21546_/X
 _21547_/X
 _21548_/X
 _21551_/X
 _21553_/X
 _21554_/X
 _21556_/X
 _21557_/X
 _21558_/X
 _21560_/X
 _21564_/X
 _21565_/X
 _21570_/X
 _21573_/X
 _21575_/X
 _21581_/Y
 _21583_/X
 _21587_/X
 _21588_/X
 _21590_/X
 _21591_/X
 _21593_/X
 _21595_/X
 _21600_/X
 _21601_/X
 _21602_/X
 _21603_/X
 _21605_/X
 _21612_/X
 _21617_/X
 _21622_/X
 _21623_/X
 _21633_/X
 _21635_/X
 _21637_/X
 _21649_/X
 _21650_/X
 _21658_/X
 _21661_/X
 _21666_/X
 _21667_/X
 _21668_/X
 _21670_/X
 _21672_/X
 _21678_/X
 _21686_/X
 _21687_/X
 _21691_/X
 _21699_/X
 _21701_/X
 _21705_/X
 _21709_/X
 _21713_/Y
 _21719_/X
 _21721_/X
 _21724_/X
 _21727_/X
 _21733_/Y
 _21735_/X
 _21742_/X
 _21743_/X
 _21745_/X
 _21750_/X
 _21751_/X
 _21756_/X
 _21759_/X
 _21760_/X
 _21762_/X
 _21764_/X
 _21767_/X
 _21769_/X
 _21778_/X
 _21779_/X
 _21783_/X
 _21793_/X
 _21794_/X
 _21801_/X
 _21803_/X
 _21804_/X
 _21806_/X
 _21807_/X
 _21811_/X
 _21816_/X
 _21820_/X
 _21821_/X
 _21823_/X
 _21826_/Y
 _21827_/X
 _21830_/X
 _21835_/X
 _21840_/X
 _21842_/X
 _21846_/X
 _21857_/X
 _21858_/X
 _21860_/X
 _21867_/X
 _21868_/X
 _21875_/X
 _21876_/X
 _21880_/X
 _21883_/X
 _21885_/X
 _21886_/X
 _21890_/X
 _21895_/X
 _21896_/X
 _21898_/X
 _21901_/X
 _21907_/X
 _21908_/X
 _21912_/X
 _21913_/X
 _21915_/X
 _21917_/X
 _21919_/X
 _21925_/X
 _21926_/X
 _21930_/X
 _21931_/X
 _21933_/X
 _21941_/X
 _21945_/X
 _21948_/X
 _21949_/X
 _21951_/X
 _21953_/X
 _21961_/X
 _21962_/X
 _21964_/X
 _21966_/X
 _21971_/X
 _21984_/X
 _21985_/X
 _21990_/Y
 _21991_/X
 _21995_/X
 _21996_/X
 _21997_/Y
 _21998_/Y
 _22000_/X
 _22001_/X
 _22002_/Y
 _22007_/X
 _22017_/X
 _22021_/X
 _22022_/X
 _22026_/X
 _22031_/X
 _22032_/X
 _22036_/X
 _22037_/X
 _22040_/Y
 _22044_/X
 _22046_/Y
 _22048_/Y
 _22051_/X
 _22052_/X
 _22055_/X
 _22059_/X
 _22060_/X
 _22063_/X
 _22067_/X
 _22068_/X
 _22071_/X
 _22075_/X
 _22079_/X
 _22081_/X
 _22083_/X
 _22085_/X
 _22086_/Y
 _22087_/Y
 _22088_/Y
 _22092_/X
 _22097_/X
 _22102_/X
 _22107_/X
 _22108_/X
 _22112_/X
 _22113_/X
 _22117_/X
 _22118_/X
 _22122_/X
 _22142_/X
 _22160_/X
 _22161_/X
 _22162_/Y
 _22179_/X
 _22180_/Y
 _22197_/Y
 _22214_/X
 _22215_/X
 _22216_/X
 _22217_/X
 _22218_/X
 _22219_/X
 _22220_/X
 _22221_/X
 _22222_/X
 _22223_/X
 _22224_/X
 _22225_/X
 _22226_/X
 _22227_/X
 _22228_/X
 _22229_/X
 _22230_/X
 _22233_/X
 _22234_/X
 _22235_/X
 _22236_/X
 _22238_/X
 _22240_/X
 _22242_/X
 _22244_/X
 _22246_/X
 _22247_/X
 _22249_/X
 _22251_/X
 _22252_/X
 _22253_/X
 _22255_/X
 _22256_/X
 _22257_/X
 _22258_/X
 _22259_/X
 _22260_/X
 _22263_/X
 _22264_/X
 _22265_/X
 _22268_/X
 _22269_/X
 _22271_/Y
 _22272_/X
 _22273_/X
 _22276_/X
 _22278_/X
 _22280_/X
 _22281_/X
 _22282_/X
 _22284_/X
 _22285_/X
 _22286_/X
 _22287_/X
 _22288_/X
 _22292_/X
 _22295_/Y
 _22296_/X
 _22297_/X
 _22298_/X
 _22299_/X
 _22300_/X
 _22301_/X
 _22302_/X
 _22303_/X
 _22304_/X
 _22307_/X
 _22309_/X
 _22311_/X
 _22312_/X
 _22313_/X
 _22314_/X
 _22316_/X
 _22317_/X
 _22318_/X
 _22319_/X
 _22320_/X
 _22322_/X
 _22323_/Y
 _22325_/X
 _22326_/X
 _22330_/X
 _22331_/X
 _22334_/X
 _22342_/X
 _22348_/X
 _22349_/X
 _22350_/X
 _22353_/X
 _22354_/X
 _22358_/X
 _22359_/X
 _22360_/X
 _22361_/X
 _22362_/X
 _22363_/X
 _22369_/X
 _22374_/X
 _22377_/X
 _22383_/X
 _22390_/X
 _22397_/X
 _22399_/X
 _22405_/Y
 _22415_/X
 _22417_/X
 _22418_/X
 _22423_/X
 _22424_/X
 _22429_/X
 _22433_/X
 _22436_/X
 _22439_/X
 _22441_/X
 _22442_/X
 _22443_/X
 _22445_/X
 _22449_/X
 _22453_/X
 _22456_/X
 _22462_/X
 _22464_/X
 _22469_/X
 _22473_/X
 _22478_/X
 _22479_/X
 _22480_/X
 _22481_/X
 _22486_/Y
 _22487_/X
 _22496_/X
 _22498_/X
 _22500_/X
 _22503_/X
 _22506_/Y
 _22507_/X
 _22508_/X
 _22510_/X
 _22515_/X
 _22518_/X
 _22519_/X
 _22524_/Y
 _22533_/X
 _22536_/X
 _22541_/X
 _22549_/X
 _22550_/X
 _22552_/X
 _22555_/X
 _22560_/X
 _22561_/X
 _22563_/X
 _22568_/X
 _22571_/X
 _22572_/X
 _22576_/X
 _22583_/X
 _22584_/X
 _22587_/X
 _22590_/X
 _22594_/X
 _22599_/X
 _22607_/X
 _22608_/X
 _22612_/X
 _22617_/X
 _22618_/X
 _22627_/X
 _22629_/X
 _22631_/X
 _22636_/X
 _22637_/X
 _22640_/X
 _22645_/X
 _22646_/X
 _22648_/X
 _22652_/X
 _22657_/X
 _22665_/X
 _22666_/X
 _22670_/X
 _22675_/X
 _22679_/X
 _22683_/X
 _22684_/X
 _22686_/X
 _22693_/X
 _22694_/X
 _22696_/X
 _22702_/X
 _22703_/X
 _22707_/X
 _22711_/Y
 _22712_/X
 _22714_/X
 _22715_/X
 _22718_/X
 _22722_/X
 _22726_/X
 _22730_/X
 _22731_/X
 _22736_/X
 _22743_/X
 _22747_/X
 _22748_/X
 _22749_/X
 _22751_/X
 _22754_/X
 _22756_/X
 _22758_/X
 _22760_/X
 _22763_/X
 _22765_/X
 _22774_/X
 _22776_/X
 _22780_/X
 _22781_/X
 _22785_/X
 _22790_/X
 _22798_/X
 _22799_/X
 _22801_/X
 _22803_/X
 _22805_/X
 _22809_/X
 _22812_/X
 _22813_/X
 _22814_/X
 _22817_/X
 _22821_/X
 _22823_/X
 _22830_/X
 _22832_/X
 _22834_/X
 _22836_/Y
 _22837_/X
 _22848_/X
 _22849_/X
 _22857_/X
 _22860_/X
 _22866_/X
 _22867_/X
 _22874_/X
 _22876_/X
 _22877_/X
 _22879_/X
 _22883_/X
 _22885_/X
 _22886_/X
 _22895_/X
 _22896_/X
 _22898_/X
 _22905_/X
 _22907_/X
 _22908_/X
 _22909_/Y
 _22913_/X
 _22916_/X
 _22918_/X
 _22919_/X
 _22922_/X
 _22923_/X
 _22924_/X
 _22928_/X
 _22932_/X
 _22936_/X
 _22937_/X
 _22940_/X
 _22941_/X
 _22944_/X
 _22948_/X
 _22952_/X
 _22953_/X
 _22954_/X
 _22955_/X
 _22966_/X
 _22977_/X
 _22988_/X
 _22999_/X
 _23010_/X
 _23021_/X
 _23022_/X
 _23033_/X
 _23044_/X
 _23055_/X
 _23062_/Y
 _23063_/Y
 _23084_/X
 _23095_/X
 _23106_/X
 _23117_/X
 _23128_/X
 _23139_/X
 _23150_/X
 _23151_/X
 _23162_/X
 _23180__851/Y
 _23184_/X
 _23187_/X
 _23214_/X
 _23225_/X
 _23236_/X
 _23247_/X
 _23258_/X
 _23269_/X
 _23280_/X
 _23281_/X
 _23292_/X
 _23303_/X
 _23314_/X
 _23325_/X
 _23336_/X
 _23347_/X
 _23358_/X
 _23369_/X
 _23380_/X
 _23383_/X
 _23384_/X
 _23385_/Y
 _23410_/X
 _23411_/X
 _23422_/X
 _23433_/X
 _23444_/X
 _23455_/X
 _23466_/X
 _23468__116/Y
 _23477_/X
 _23488_/X
 _23499_/X
 _23508_/Y
 _23538_/X
 _23539_/X
 _23550_/X
 _23561_/X
 _23572_/X
 _23583_/X
 _23594_/X
 _23605_/X
 _23616_/X
 _23627_/X
 _23632_/Y
 _23655_/X
 _23666_/X
 _23678_/X
 _23689_/X
 _23700_/X
 _23711_/X
 _23722_/X
 _23733_/X
 _23744_/X
 _23755_/X
 _23777_/X
 _23778_/X
 _23780__366/Y
 _23789_/X
 _23800_/X
 _23811_/X
 _23822_/X
 _23827_/X
 _23828_/Y
 _23851_/X
 _23862_/X
 _23873_/X
 _23884_/X
 _23895_/X
 _23906_/X
 _23907_/X
 _23918_/X
 _23929_/X
 _23940_/X
 _23951_/Y
 _23968_/X
 _23979_/X
 _23990_/X
 _24001_/X
 _24012_/X
 _24023_/X
 _24034_/X
 _24035_/X
 _24046_/X
 _24057_/X
 _24068_/X
 _24075_/Y
 _24078_/X
 _24096_/X
 _24107_/X
 _24118_/X
 _24129_/X
 _24140_/X
 _24151_/X
 _24162_/X
 _24173_/X
 _24184_/X
 _24195_/X
 _24198_/X
 _24199_/X
 _24200_/Y
 _24209_/X
 _24217_/Y
 _24234_/Y
 _24251_/X
 _24252_/Y
 _24286_/Y
 _24289_/X
 _24303_/X
 _24304_/Y
 _24306_/Y
 _24342_/Y
 _24359_/Y
 _24394_/Y
 _24412_/Y
 _24415_/X
 _24424_/X
 _24433_/X
 _24436_/X
 _24439_/X
 _24449_/X
 _24450_/X
 _24455_/X
 _24458_/X
 _24463_/Y
 _24480_/Y
 _24497_/X
 _24504_/X
 _24507_/X
 _24510_/X
 _24513_/X
 _24516_/X
 _24519_/X
 _24522_/Y
 _24539_/X
 _24540_/Y
 _24546_/X
 _24555_/X
 _24581_/Y
 _24599_/X
 _24600_/Y
 _24617_/Y
 _24634_/X
 _24635_/Y
 _24654_/X
 _24665_/X
 _24672_/X
 _24673_/Y
 _24707_/Y
 _24724_/X
 _24725_/Y
 _24742_/Y
 _24759_/Y
 _24776_/X
 _24778_/X
 _24780_/Y
 _24797_/X
 _24798_/Y
 _24815_/Y
 _24851_/Y
 _24885_/Y
 _24902_/X
 _24903_/Y
 _24937_/Y
 _24954_/Y
 _24971_/X
 _24989_/Y
 _25010_/X
 _25019_/X
 _25022_/X
 _25028_/X
 _25031_/X
 _25050_/Y
 _25056_/X
 _25062_/X
 _25065_/X
 _25068_/X
 _25071_/X
 _25074_/Y
 _25091_/X
 _25092_/Y
 _25094_/X
 _25100_/X
 _25104_/X
 _25106_/Y
 _25161_/X
 _25166_/X
 _25167_/X
 _25173_/X
 _25176_/X
 _25182_/X
 _25200_/X
 _25218_/Y
 _25254_/X
 _25269_/X
 _25272_/Y
 _25289_/Y
 _25307_/X
 _25309_/Y
 _25346_/X
 _25347_/X
 _25349_/X
 _25366_/X
 _25370_/X
 _25373_/X
 _25389_/Y
 _25391_/X
 _25401_/X
 _25445_/X
 _25446_/Y
 _25448_/Y
 _25470_/X
 _25478_/Y
 _25488_/X
 _25489_/Y
 _25507_/X
 _25523_/X
 _25527_/Y
 _25561_/Y
 _25563_/X
 _25573_/X
 _25584_/Y
 _25588_/X
 _25601_/X
 _25621_/Y
 _25624_/X
 _25628_/X
 _25631_/X
 _25635_/X
 _25640_/X
 _25643_/X
 _25702_/Y
 _25719_/Y
 _25736_/X
 _25737_/X
 _25742_/Y
 _25744_/X
 _25749_/X
 _25754_/X
 _25775_/Y
 _25781_/X
 _25786_/X
 _25823_/Y
 _25829_/Y
 _25839_/Y
 _25845_/Y
 _25855_/Y
 _25880_/X
 _25883_/X
 _25891_/X
 _25900_/X
 _25909_/X
 _25912_/X
 _25962_/X
 _25966_/X
 _25968_/X
 _25970_/X
 _25972_/Y
 _25974_/X
 _25976_/X
 _25978_/X
 _25979_/Y
 _25981_/X
 _25983_/X
 _25984_/Y
 _25987_/X
 _25989_/X
 _25991_/X
 _25993_/X
 _25995_/X
 _25997_/X
 _25999_/X
 _26001_/X
 _26002_/X
 _26006_/X
 _26064_/X
 _26067_/X
 _26073_/X
 _26076_/X
 _26079_/X
 _26080_/X
 _26088_/X
 _26089_/X
 _26094_/X
 _26139_/X
 _26141_/X
 _26142_/X
 _26153_/X
 _26173_/X
 _26175_/X
 _26190_/X
 _26200_/X
 _26229_/X
 _26242_/X
 _26243_/X
 _26270_/X
 _26291_/X
 _26311_/X
 _26319_/X
 _26322_/X
 _26323_/X
 _26325_/X
 _26332_/X
 _26355_/X
 _26376_/X
 _26380_/X
 _26381_/X
 _26386_/X
 _26387_/X
 _26395_/X
 _26396_/X
 _26399_/X
 _26415_/X
 _26419_/X
 _26443_/X
 _26491_/X
 _26502_/X
 _26517_/Y
 _26518_/Y
 _26529_/X
 _26532_/X
 _26548_/X
 _26551_/Y
 _26556_/X
 _26568_/Y
 _26596_/X
 _26605_/Y
 _26622_/Y
 _26659_/X
 _26662_/X
 _26671_/X
 _26699_/Y
 _26716_/X
 _26717_/Y
 _26735_/X
 _26736_/X
 _26737_/Y
 _26750_/X
 _26775_/X
 _26781_/X
 _26797_/X
 _26816_/X
 _26854_/X
 _26866_/X
 _26876_/X
 _26877_/Y
 _26882_/X
 _26901_/X
 _26904_/X
 _26907_/X
 _26910_/X
 _26916_/X
 _26919_/X
 _26922_/X
 _26930_/X
 _26938_/X
 _26962_/X
 _26982_/Y
 _27006_/X
 _27016_/X
 _27021_/X
 _27031_/X
 _27081_/X
 _27087_/X
 _27095_/X
 _27099_/X
 _27115_/X
 _27130_/X
 _27134_/X
 _27137_/X
 _27140_/X
 _27149_/X
 _27152_/X
 _27170_/X
 _27176_/X
 _27221_/X
 _27236_/X
 _27245_/X
 _27255_/Y
 _27264_/Y
 _27321_/X
 _27333_/X
 _27334_/Y
 _27337_/X
 _27346_/X
 _27355_/X
 _27358_/Y
 _27393_/Y
 _27410_/X
 _27418_/X
 _27426_/X
 _27429_/X
 _27432_/X
 _27435_/X
 _27436_/Y
 _27442_/X
 _27445_/X
 _27451_/X
 _27454_/X
 _27477_/X
 _27495_/X
 _27496_/Y
 _27547_/Y
 _27564_/Y
 _27632_/Y
 _27649_/X
 _27684_/X
 _27702_/Y
 _27736_/Y
 _27753_/Y
 _27771_/Y
 _27789_/Y
 _27805_/X
 _27824_/X
 _27825_/X
 _27826_/Y
 _27838_/X
 _27841_/X
 _27844_/X
 _27850_/Y
 _27884_/X
 _27886_/X
 _27887_/X
 _27938_/Y
 _27955_/X
 _27956_/Y
 _27962_/X
 _27980_/X
 _27987_/X
 _27990_/X
 _27996_/X
 _28022_/Y
 _28039_/X
 _28057_/Y
 _28074_/Y
 _28144_/X
 _28159_/Y
 _28166_/X
 _28193_/Y
 _28210_/X
 _28228_/Y
 _28244_/X
 _28262_/X
 _28264_/Y
 _28282_/Y
 _28300_/Y
 _28317_/Y
 _28334_/Y
 _28351_/Y
 _28368_/Y
 _28385_/X
 _28386_/Y
 _28403_/Y
 _28421_/Y
 _28436_/X
 _28439_/X
 _28442_/X
 _28445_/Y
 _28462_/Y
 _28481_/X
 _28524_/X
 _28525_/Y
 _28528_/X
 _28531_/X
 _28549_/Y
 _28566_/Y
 _28583_/Y
 _28600_/X
 _28601_/Y
 _28618_/Y
 _28652_/Y
 _28669_/Y
 _28703_/Y
 _28754_/Y
 _28771_/X
 _28772_/Y
 _28789_/Y
 _28806_/Y
 _28840_/Y
 _28857_/Y
 _28874_/Y
 _28891_/Y
 _28908_/Y
 _28942_/X
 _28943_/Y
 _28961_/X
 _28962_/X
 _28973_/X
 _28980_/Y
 _29014_/X
 _29017_/Y
 _29053_/Y
 _29076_/X
 _29087_/Y
 _29104_/Y
 _29121_/Y
 _29138_/Y
 _29189_/Y
 _29207_/X
 _29208_/Y
 _29225_/Y
 _29259_/Y
 _29276_/Y
 _29315_/Q
 _29329_/Q
 _29334_/Q
 _29344_/Q
 _29383_/Q
 _29401_/Q
 _29412_/Q
 _29463_/Q
 _29464_/Q
 _29465_/Q
 _29466_/Q
 _29467_/Q
 _29468_/Q
 _29520_/Q
 _29521_/Q
 _29523_/Q
 _29524_/Q
 _29527_/Q
 _29529_/Q
 _29546_/Q
 _29569_/Q
 _29571_/Q
 _29574_/Q
 _29587_/Q
 _29600_/Q
 _29603_/Q
 _29619_/Q
 _29659_/Q
 _29661_/Q
 _29662_/Q
 _29664_/Q
 _29741_/Q
 _29743_/Q
 _29750_/Q
 _29765_/Q
 _29818_/Q
 _29821_/Q
 _29852_/Q
 _29871_/Q
 _29875_/Q
 _29911_/Q
 _30031_/Q
 _30034_/Q
 _30044_/Q
 _30096_/Q
 _30120_/Q
 _30134_/Q
 _30135_/Q
 _30154_/Q
 _30159_/Q
 _30165_/Q
 _30169_/Q
 _30170_/Q
 _30171_/Q
 _30217_/Q
 _30238_/Q
 _30239_/Q
 _30241_/Q
 _30242_/Q
 _30244_/Q
 _30255_/Q
 _30262_/Q
 _30287_/Q
 _30289_/Q
 _30292_/Q
 _30305_/Q
 _30314_/Q
 _30316_/Q
 _30330_/Q
 _30346_/Q
 _30348_/Q
 _30359_/Q
 _30394_/Q
 _30396_/Q
 _30423_/Q
 _30458_/Q
 _30459_/Q
 _30460_/Q
 _30471_/Q
 _30564_/Q
 _30581_/Q
 _30589_/Q
 _30590_/Q
 _30591_/Q
 _30592_/Q
 _30593_/Q
 _30594_/Q
 _30595_/Q
 _30596_/Q
 _30606_/Q
 _30607_/Q
 _30608_/Q
 _30609_/Q
 _30610_/Q
 _30611_/Q
 _30612_/Q
 _30617_/Q
 _30621_/Q
 _30623_/Q
 _30686_/Q
 _30826_/Q
 _30827_/Q
 _30849_/Q
 _30885_/Q
 _31095_/Q
 _31105_/Q
 _31107_/Q
 _31118_/Q
 _31119_/Q
 _31120_/Q
 _31121_/Q
 _31122_/Q
 _31124_/Q
 _31125_/Q
 _31126_/Q
 _31127_/Q
 _31129_/Q
 _31130_/Q
 _31131_/Q
 _31132_/Q
 _31141_/Q
 _31142_/Q
 _31143_/Q
 _31144_/Q
 _31145_/Q
 _31146_/Q
 _31147_/Q
 _31148_/Q
 _31149_/Q
 _31150_/Q
 _31151_/Q
 _31152_/Q
 _31153_/Q
 _31154_/Q
 _31155_/Q
 _31156_/Q
 _31157_/Q
 _31158_/Q
 _31159_/Q
 _31160_/Q
 _31161_/Q
 _31162_/Q
 _31163_/Q
 _31164_/Q
 _31165_/Q
 _31166_/Q
 _31167_/Q
 _31168_/Q
 _31169_/Q
 _31170_/Q
 _31171_/Q
 _31172_/Q
 _31207_/Q
 _31208_/Q
 _31209_/Q
 _31210_/Q
 _31239_/Q
 _31243_/Q
 _31246_/Q
 _31247_/Q
 _31248_/Q
 _31249_/Q
 _31250_/Q
 _31251_/Q
 _31252_/Q
 _31253_/Q
 _31257_/Q
 _31258_/Q
 _31259_/Q
 _31260_/Q
 _31261_/Q
 _31264_/Q
 _31265_/Q
 _31266_/Q
 _31267_/Q
 _31268_/Q
 _31269_/Q
 _31270_/Q
 _31271_/Q
 _31272_/Q
 _31273_/Q
 _31275_/Q
 _31276_/Q
 _31280_/Q
 _31281_/Q
 _31282_/Q
 _31283_/Q
 _31284_/Q
 _31285_/Q
 _31287_/Q
 _31289_/Q
 _31329_/Q
 _31330_/Q
 _31331_/Q
 _31332_/Q
 _31334_/Q
 _31335_/Q
 _31336_/Q
 _31338_/Q
 _31340_/Q
 _31342_/Q
 _31344_/Q
 _31348_/Q
 _31351_/Q
 _31352_/Q
 _31353_/Q
 _31354_/Q
 _31355_/Q
 _31356_/Q
 _31357_/Q
 _31358_/Q
 _31359_/Q
 _31360_/Q
 _31361_/Q
 _31362_/Q
 _31363_/Q
 _31364_/Q
 _31365_/Q
 _31367_/Q
 _31368_/Q
 _31369_/Q
 _31371_/Q
 _31372_/Q
 _31373_/Q
 _31374_/Q
 _31375_/Q
 _31376_/Q
 _31377_/Q
 _31378_/Q
 _31379_/Q
 _31380_/Q
 _31381_/Q
 _31383_/Q
 _31384_/Q
 _31387_/Q
 _31388_/Q
 _31394_/Q
 _31396_/Q
 _31407_/Q
 _31408_/Q
 _31415_/Q
 _31416_/Q
 _31417_/Q
 _31418_/Q
 _31419_/Q
 _31431_/Q
 _31434_/Q
 _31437_/Q
 _31442_/Q
 _31443_/Q
 _31444_/Q
 _31445_/Q
 _31446_/Q
 _31447_/Q
 _31448_/Q
 _31449_/Q
 _31550_/Q
 _31558_/Q
 _31563_/Q
 _31565_/Q
 _31575_/Q
 _31577_/Q
 _31578_/Q
 _31579_/Q
 _31580_/Q
 _31581_/Q
 _31583_/Q
 _31584_/Q
 _31586_/Q
 _31587_/Q
 _31588_/Q
 _31589_/Q
 _31590_/Q
 _31592_/Q
 _31593_/Q
 _31594_/Q
 _31595_/Q
 _31596_/Q
 _31597_/Q
 _31599_/Q
 _31601_/Q
 _31602_/Q
 _31615_/Q
 _31617_/Q
 _31620_/Q
 _31621_/Q
 _31622_/Q
 _31623_/Q
 _31624_/Q
 _31625_/Q
 _31627_/Q
 _31628_/Q
 _31629_/Q
 _31630_/Q
 _31631_/Q
 _31632_/Q
 _31633_/Q
 _31634_/Q
 _31637_/Q
 _31638_/Q
 _31640_/Q
 _31642_/Q
 _31643_/Q
 _31691_/Q
 _31715_/Q
 _31758_/Q
 _31759_/Q
 _31760_/Q
 _31761_/Q
 _31765_/Q
 _31783_/Q
 _31784_/Q
 _31785_/Q
 _31786_/Q
 _31787_/Q
 _31789_/Q
 _31790_/Q
 _31807_/Q
 _31808_/Q
 _31809_/Q
 _31810_/Q
 _31815_/Q
 _31816_/Q
 _31818_/Q
 _31819_/Q
 _31820_/Q
 _31821_/Q
 _31822_/Q
 _31823_/Q
 _31824_/Q
 _31826_/Q
 _31827_/Q
 _31828_/Q
 _31830_/Q
 _31847_/Q
 _31848_/Q
 _31849_/Q
 _31850_/Q
 _31851_/Q
 _31852_/Q
 _31855_/Q
 _31856_/Q
 _31857_/Q
 _31858_/Q
 _31859_/Q
 _31860_/Q
 _31861_/Q
 _31862_/Q
 _31864_/Q
 _31866_/Q
 _31869_/Q
 _31870_/Q
 _31879_/Q
 _31880_/Q
 _31886_/Q
 _31887_/Q
 _31888_/Q
 _31889_/Q
 _31890_/Q
 _31892_/Q
 _31893_/Q
 _31894_/Q
 _31910_/Q
 _31941_/Q
 _31958_/Q
 _31968_/Q
 _32001_/Q
 _32002_/Q
 _32003_/Q
 _32005_/Q
 _32064_/Q
 _32106_/Q
 _32130_/Q
 _32132_/Q
 _32233_/Q
 _32318_/Q
 _32326_/Q
 _32353_/Q
 _32490_/Q
 _32511_/Q
 _32586_/Q
 _32616_/Q
 _32632_/Q
 _32682_/Q
 _32755_/Q
 _32757_/Q
 _32776_/Q
 _32926_/Q
 _32953_/Q
 clkbuf_0__10078_/X
 clkbuf_0__10079_/X
 clkbuf_0__10080_/X
 clkbuf_0__10081_/X
 clkbuf_0__10082_/X
 clkbuf_0__10083_/X
 clkbuf_0__10084_/X
 clkbuf_0__10085_/X
 clkbuf_0__10086_/X
 clkbuf_0__10087_/X
 clkbuf_0__10088_/X
 clkbuf_0__10089_/X
 clkbuf_0__10090_/X
 clkbuf_0__10091_/X
 clkbuf_0__10102_/X
 clkbuf_0__10103_/X
 clkbuf_0__10104_/X
 clkbuf_0__10105_/X
 clkbuf_0__10106_/X
 clkbuf_0__10107_/X
 clkbuf_0__10108_/X
 clkbuf_0__10109_/X
 clkbuf_0__10110_/X
 clkbuf_0__10111_/X
 clkbuf_0__10112_/X
 clkbuf_0__10124_/X
 clkbuf_0__10125_/X
 clkbuf_0__10126_/X
 clkbuf_0__10127_/X
 clkbuf_0__10128_/X
 clkbuf_0__10129_/X
 clkbuf_0__10130_/X
 clkbuf_0__10131_/X
 clkbuf_0__10132_/X
 clkbuf_0__10133_/X
 clkbuf_0__10134_/X
 clkbuf_0__10135_/X
 clkbuf_0__10136_/X
 clkbuf_0__10137_/X
 clkbuf_0__10138_/X
 clkbuf_0__10139_/X
 clkbuf_0__10140_/X
 clkbuf_0__10152_/X
 clkbuf_0__10153_/X
 clkbuf_0__10154_/X
 clkbuf_0__10155_/X
 clkbuf_0__10156_/X
 clkbuf_0__10157_/X
 clkbuf_0__10158_/X
 clkbuf_0__10159_/X
 clkbuf_0__10160_/X
 clkbuf_0__10161_/X
 clkbuf_0__10171_/X
 clkbuf_0__10172_/X
 clkbuf_0__10173_/X
 clkbuf_0__10174_/X
 clkbuf_0__10175_/X
 clkbuf_0__10176_/X
 clkbuf_0__10177_/X
 clkbuf_0__10178_/X
 clkbuf_0__10179_/X
 clkbuf_0__10180_/X
 clkbuf_0__10181_/X
 clkbuf_0__10191_/X
 clkbuf_0__10192_/X
 clkbuf_0__10193_/X
 clkbuf_0__10194_/X
 clkbuf_0__10195_/X
 clkbuf_0__10196_/X
 clkbuf_0__10197_/X
 clkbuf_0__10198_/X
 clkbuf_0__10199_/X
 clkbuf_0__10200_/X
 clkbuf_0__10201_/X
 clkbuf_0__10202_/X
 clkbuf_0__10203_/X
 clkbuf_0__10204_/X
 clkbuf_0__10205_/X
 clkbuf_0__10206_/X
 clkbuf_0__10207_/X
 clkbuf_0__10208_/X
 clkbuf_0__10219_/X
 clkbuf_0__10220_/X
 clkbuf_0__10221_/X
 clkbuf_0__10222_/X
 clkbuf_0__10223_/X
 clkbuf_0__10224_/X
 clkbuf_0__10225_/X
 clkbuf_0__10226_/X
 clkbuf_0__10227_/X
 clkbuf_0__10228_/X
 clkbuf_0__10238_/X
 clkbuf_0__10239_/X
 clkbuf_0__10240_/X
 clkbuf_0__10241_/X
 clkbuf_0__10242_/X
 clkbuf_0__10243_/X
 clkbuf_0__10244_/X
 clkbuf_0__10245_/X
 clkbuf_0__10246_/X
 clkbuf_0__10247_/X
 clkbuf_0__10248_/X
 clkbuf_0__10258_/X
 clkbuf_0__10259_/X
 clkbuf_0__10260_/X
 clkbuf_0__10261_/X
 clkbuf_0__10262_/X
 clkbuf_0__10263_/X
 clkbuf_0__10264_/X
 clkbuf_0__10265_/X
 clkbuf_0__10266_/X
 clkbuf_0__10267_/X
 clkbuf_0__11601_/X
 clkbuf_0__11602_/X
 clkbuf_0_clk/X
 clkbuf_1_0__f__10078_/X
 clkbuf_1_0__f__10079_/X
 clkbuf_1_0__f__10080_/X
 clkbuf_1_0__f__10081_/X
 clkbuf_1_0__f__10082_/X
 clkbuf_1_0__f__10083_/X
 clkbuf_1_0__f__10084_/X
 clkbuf_1_0__f__10085_/X
 clkbuf_1_0__f__10086_/X
 clkbuf_1_0__f__10087_/X
 clkbuf_1_0__f__10088_/X
 clkbuf_1_0__f__10089_/X
 clkbuf_1_0__f__10090_/X
 clkbuf_1_0__f__10091_/X
 clkbuf_1_0__f__10102_/X
 clkbuf_1_0__f__10103_/X
 clkbuf_1_0__f__10104_/X
 clkbuf_1_0__f__10105_/X
 clkbuf_1_0__f__10106_/X
 clkbuf_1_0__f__10107_/X
 clkbuf_1_0__f__10108_/X
 clkbuf_1_0__f__10109_/X
 clkbuf_1_0__f__10110_/X
 clkbuf_1_0__f__10111_/X
 clkbuf_1_0__f__10112_/X
 clkbuf_1_0__f__10124_/X
 clkbuf_1_0__f__10125_/X
 clkbuf_1_0__f__10126_/X
 clkbuf_1_0__f__10127_/X
 clkbuf_1_0__f__10128_/X
 clkbuf_1_0__f__10129_/X
 clkbuf_1_0__f__10130_/X
 clkbuf_1_0__f__10131_/X
 clkbuf_1_0__f__10132_/X
 clkbuf_1_0__f__10133_/X
 clkbuf_1_0__f__10134_/X
 clkbuf_1_0__f__10135_/X
 clkbuf_1_0__f__10136_/X
 clkbuf_1_0__f__10137_/X
 clkbuf_1_0__f__10138_/X
 clkbuf_1_0__f__10139_/X
 clkbuf_1_0__f__10140_/X
 clkbuf_1_0__f__10152_/X
 clkbuf_1_0__f__10153_/X
 clkbuf_1_0__f__10154_/X
 clkbuf_1_0__f__10155_/X
 clkbuf_1_0__f__10156_/X
 clkbuf_1_0__f__10157_/X
 clkbuf_1_0__f__10158_/X
 clkbuf_1_0__f__10159_/X
 clkbuf_1_0__f__10160_/X
 clkbuf_1_0__f__10161_/X
 clkbuf_1_0__f__10171_/X
 clkbuf_1_0__f__10172_/X
 clkbuf_1_0__f__10173_/X
 clkbuf_1_0__f__10174_/X
 clkbuf_1_0__f__10175_/X
 clkbuf_1_0__f__10176_/X
 clkbuf_1_0__f__10177_/X
 clkbuf_1_0__f__10178_/X
 clkbuf_1_0__f__10179_/X
 clkbuf_1_0__f__10180_/X
 clkbuf_1_0__f__10181_/X
 clkbuf_1_0__f__10191_/X
 clkbuf_1_0__f__10192_/X
 clkbuf_1_0__f__10193_/X
 clkbuf_1_0__f__10194_/X
 clkbuf_1_0__f__10195_/X
 clkbuf_1_0__f__10196_/X
 clkbuf_1_0__f__10197_/X
 clkbuf_1_0__f__10198_/X
 clkbuf_1_0__f__10199_/X
 clkbuf_1_0__f__10200_/X
 clkbuf_1_0__f__10201_/X
 clkbuf_1_0__f__10202_/X
 clkbuf_1_0__f__10203_/X
 clkbuf_1_0__f__10204_/X
 clkbuf_1_0__f__10205_/X
 clkbuf_1_0__f__10206_/X
 clkbuf_1_0__f__10207_/X
 clkbuf_1_0__f__10208_/X
 clkbuf_1_0__f__10219_/X
 clkbuf_1_0__f__10220_/X
 clkbuf_1_0__f__10221_/X
 clkbuf_1_0__f__10222_/X
 clkbuf_1_0__f__10223_/X
 clkbuf_1_0__f__10224_/X
 clkbuf_1_0__f__10225_/X
 clkbuf_1_0__f__10226_/X
 clkbuf_1_0__f__10227_/X
 clkbuf_1_0__f__10228_/X
 clkbuf_1_0__f__10238_/X
 clkbuf_1_0__f__10239_/X
 clkbuf_1_0__f__10240_/X
 clkbuf_1_0__f__10241_/X
 clkbuf_1_0__f__10242_/X
 clkbuf_1_0__f__10243_/X
 clkbuf_1_0__f__10244_/X
 clkbuf_1_0__f__10245_/X
 clkbuf_1_0__f__10246_/X
 clkbuf_1_0__f__10247_/X
 clkbuf_1_0__f__10248_/X
 clkbuf_1_0__f__10258_/X
 clkbuf_1_0__f__10259_/X
 clkbuf_1_0__f__10260_/X
 clkbuf_1_0__f__10261_/X
 clkbuf_1_0__f__10262_/X
 clkbuf_1_0__f__10263_/X
 clkbuf_1_0__f__10264_/X
 clkbuf_1_0__f__10265_/X
 clkbuf_1_0__f__10266_/X
 clkbuf_1_0__f__10267_/X
 clkbuf_1_0__f__11601_/X
 clkbuf_1_0__f__11602_/X
 clkbuf_1_1__f__10078_/X
 clkbuf_1_1__f__10079_/X
 clkbuf_1_1__f__10080_/X
 clkbuf_1_1__f__10081_/X
 clkbuf_1_1__f__10082_/X
 clkbuf_1_1__f__10083_/X
 clkbuf_1_1__f__10084_/X
 clkbuf_1_1__f__10085_/X
 clkbuf_1_1__f__10086_/X
 clkbuf_1_1__f__10087_/X
 clkbuf_1_1__f__10088_/X
 clkbuf_1_1__f__10089_/X
 clkbuf_1_1__f__10090_/X
 clkbuf_1_1__f__10091_/X
 clkbuf_1_1__f__10102_/X
 clkbuf_1_1__f__10103_/X
 clkbuf_1_1__f__10104_/X
 clkbuf_1_1__f__10105_/X
 clkbuf_1_1__f__10106_/X
 clkbuf_1_1__f__10107_/X
 clkbuf_1_1__f__10108_/X
 clkbuf_1_1__f__10109_/X
 clkbuf_1_1__f__10110_/X
 clkbuf_1_1__f__10111_/X
 clkbuf_1_1__f__10112_/X
 clkbuf_1_1__f__10124_/X
 clkbuf_1_1__f__10125_/X
 clkbuf_1_1__f__10126_/X
 clkbuf_1_1__f__10127_/X
 clkbuf_1_1__f__10128_/X
 clkbuf_1_1__f__10129_/X
 clkbuf_1_1__f__10130_/X
 clkbuf_1_1__f__10131_/X
 clkbuf_1_1__f__10132_/X
 clkbuf_1_1__f__10133_/X
 clkbuf_1_1__f__10134_/X
 clkbuf_1_1__f__10135_/X
 clkbuf_1_1__f__10136_/X
 clkbuf_1_1__f__10137_/X
 clkbuf_1_1__f__10138_/X
 clkbuf_1_1__f__10139_/X
 clkbuf_1_1__f__10140_/X
 clkbuf_1_1__f__10152_/X
 clkbuf_1_1__f__10153_/X
 clkbuf_1_1__f__10154_/X
 clkbuf_1_1__f__10155_/X
 clkbuf_1_1__f__10156_/X
 clkbuf_1_1__f__10157_/X
 clkbuf_1_1__f__10158_/X
 clkbuf_1_1__f__10159_/X
 clkbuf_1_1__f__10160_/X
 clkbuf_1_1__f__10161_/X
 clkbuf_1_1__f__10171_/X
 clkbuf_1_1__f__10172_/X
 clkbuf_1_1__f__10173_/X
 clkbuf_1_1__f__10174_/X
 clkbuf_1_1__f__10175_/X
 clkbuf_1_1__f__10176_/X
 clkbuf_1_1__f__10177_/X
 clkbuf_1_1__f__10178_/X
 clkbuf_1_1__f__10179_/X
 clkbuf_1_1__f__10180_/X
 clkbuf_1_1__f__10181_/X
 clkbuf_1_1__f__10191_/X
 clkbuf_1_1__f__10192_/X
 clkbuf_1_1__f__10193_/X
 clkbuf_1_1__f__10194_/X
 clkbuf_1_1__f__10195_/X
 clkbuf_1_1__f__10196_/X
 clkbuf_1_1__f__10197_/X
 clkbuf_1_1__f__10198_/X
 clkbuf_1_1__f__10199_/X
 clkbuf_1_1__f__10200_/X
 clkbuf_1_1__f__10201_/X
 clkbuf_1_1__f__10202_/X
 clkbuf_1_1__f__10203_/X
 clkbuf_1_1__f__10204_/X
 clkbuf_1_1__f__10205_/X
 clkbuf_1_1__f__10206_/X
 clkbuf_1_1__f__10207_/X
 clkbuf_1_1__f__10208_/X
 clkbuf_1_1__f__10219_/X
 clkbuf_1_1__f__10220_/X
 clkbuf_1_1__f__10221_/X
 clkbuf_1_1__f__10222_/X
 clkbuf_1_1__f__10223_/X
 clkbuf_1_1__f__10224_/X
 clkbuf_1_1__f__10225_/X
 clkbuf_1_1__f__10226_/X
 clkbuf_1_1__f__10227_/X
 clkbuf_1_1__f__10228_/X
 clkbuf_1_1__f__10238_/X
 clkbuf_1_1__f__10239_/X
 clkbuf_1_1__f__10240_/X
 clkbuf_1_1__f__10241_/X
 clkbuf_1_1__f__10242_/X
 clkbuf_1_1__f__10243_/X
 clkbuf_1_1__f__10244_/X
 clkbuf_1_1__f__10245_/X
 clkbuf_1_1__f__10246_/X
 clkbuf_1_1__f__10247_/X
 clkbuf_1_1__f__10248_/X
 clkbuf_1_1__f__10258_/X
 clkbuf_1_1__f__10259_/X
 clkbuf_1_1__f__10260_/X
 clkbuf_1_1__f__10261_/X
 clkbuf_1_1__f__10262_/X
 clkbuf_1_1__f__10263_/X
 clkbuf_1_1__f__10264_/X
 clkbuf_1_1__f__10265_/X
 clkbuf_1_1__f__10266_/X
 clkbuf_1_1__f__10267_/X
 clkbuf_1_1__f__11601_/X
 clkbuf_1_1__f__11602_/X
 clkbuf_2_0_0_clk/X
 clkbuf_2_1_0_clk/X
 clkbuf_2_2_0_clk/X
 clkbuf_2_3_0_clk/X
 clkbuf_5_0__f_clk/X
 clkbuf_5_10__f_clk/X
 clkbuf_5_11__f_clk/X
 clkbuf_5_12__f_clk/X
 clkbuf_5_13__f_clk/X
 clkbuf_5_14__f_clk/X
 clkbuf_5_15__f_clk/X
 clkbuf_5_16__f_clk/X
 clkbuf_5_17__f_clk/X
 clkbuf_5_18__f_clk/X
 clkbuf_5_19__f_clk/X
 clkbuf_5_1__f_clk/X
 clkbuf_5_20__f_clk/X
 clkbuf_5_21__f_clk/X
 clkbuf_5_22__f_clk/X
 clkbuf_5_23__f_clk/X
 clkbuf_5_24__f_clk/X
 clkbuf_5_25__f_clk/X
 clkbuf_5_26__f_clk/X
 clkbuf_5_27__f_clk/X
 clkbuf_5_28__f_clk/X
 clkbuf_5_29__f_clk/X
 clkbuf_5_2__f_clk/X
 clkbuf_5_30__f_clk/X
 clkbuf_5_31__f_clk/X
 clkbuf_5_3__f_clk/X
 clkbuf_5_4__f_clk/X
 clkbuf_5_5__f_clk/X
 clkbuf_5_6__f_clk/X
 clkbuf_5_7__f_clk/X
 clkbuf_5_8__f_clk/X
 clkbuf_5_9__f_clk/X
 clkbuf_leaf_109_clk/X
 clkbuf_leaf_111_clk/X
 clkbuf_leaf_113_clk/X
 clkbuf_leaf_115_clk/X
 clkbuf_leaf_120_clk/X
 clkbuf_leaf_12_clk/X
 clkbuf_leaf_132_clk/X
 clkbuf_leaf_133_clk/X
 clkbuf_leaf_134_clk/X
 clkbuf_leaf_139_clk/X
 clkbuf_leaf_156_clk/X
 clkbuf_leaf_15_clk/X
 clkbuf_leaf_161_clk/X
 clkbuf_leaf_16_clk/X
 clkbuf_leaf_171_clk/X
 clkbuf_leaf_182_clk/X
 clkbuf_leaf_186_clk/X
 clkbuf_leaf_189_clk/X
 clkbuf_leaf_191_clk/X
 clkbuf_leaf_201_clk/X
 clkbuf_leaf_204_clk/X
 clkbuf_leaf_20_clk/X
 clkbuf_leaf_248_clk/X
 clkbuf_leaf_251_clk/X
 clkbuf_leaf_265_clk/X
 clkbuf_leaf_271_clk/X
 clkbuf_leaf_279_clk/X
 clkbuf_leaf_285_clk/X
 clkbuf_leaf_30_clk/X
 clkbuf_leaf_31_clk/X
 clkbuf_leaf_40_clk/X
 clkbuf_leaf_56_clk/X
 clkbuf_leaf_68_clk/X
 clkbuf_leaf_69_clk/X
 clkbuf_leaf_72_clk/X
 clkbuf_leaf_74_clk/X
 clkbuf_leaf_80_clk/X
 clkbuf_leaf_84_clk/X
 clkbuf_leaf_85_clk/X
 clkbuf_leaf_96_clk/X
 clkbuf_leaf_97_clk/X
 clkbuf_leaf_99_clk/X
 hold1073/X
 hold113/X
 hold118/X
 hold123/X
 hold127/X
 hold128/X
 hold1329/X
 hold133/X
 hold1361/X
 hold138/X
 hold143/X
 hold1435/X
 hold146/X
 hold150/X
 hold156/X
 hold165/X
 hold1995/X
 hold2133/X
 hold2229/X
 hold2308/X
 hold2334/X
 hold26/X
 hold2882/X
 hold2892/X
 hold2897/X
 hold3109/X
 hold3112/X
 hold3145/X
 hold3161/X
 hold3196/X
 hold3199/X
 hold3221/X
 hold3251/X
 hold3297/X
 hold3298/X
 hold3299/X
 hold42/X
 hold431/X
 hold438/X
 hold471/X
 hold5/X
 hold501/X
 hold502/X
 hold540/X
 hold555/X
 hold611/X
 hold612/X
 hold615/X
 hold620/X
 hold625/X
 hold635/X
 hold669/X
 hold672/X
 hold699/X
 hold714/X
 hold740/X
 hold750/X
 hold812/X
 hold836/X
 hold872/X
 input1/X
 load_slew112/X
 max_cap100/X
 max_cap102/X
 max_cap103/X
 max_cap105/X
 max_cap110/X
 max_cap111/X
 max_cap114/X
 max_cap122/X
 max_cap39/X
 max_cap40/X
 max_cap43/X
 max_cap44/X
 max_cap45/X
 max_cap46/X
 max_cap48/X
 max_cap49/X
 max_cap50/X
 max_cap51/X
 max_cap52/X
 max_cap54/X
 max_cap55/X
 max_cap56/X
 max_cap57/X
 max_cap59/X
 max_cap60/X
 max_cap61/X
 max_cap63/X
 max_cap64/X
 max_cap65/X
 max_cap66/X
 max_cap67/X
 max_cap69/X
 max_cap70/X
 max_cap71/X
 max_cap72/X
 max_cap73/X
 max_cap74/X
 max_cap75/X
 max_cap76/X
 max_cap77/X
 max_cap79/X
 max_cap80/X
 max_cap81/X
 max_cap83/X
 max_cap84/X
 max_cap85/X
 max_cap86/X
 max_cap87/X
 max_cap88/X
 max_cap89/X
 max_cap92/X
 max_cap93/X
 max_cap95/X
 max_cap96/X
 max_cap97/X
 max_cap98/X
 max_cap99/X
 output11/X
 output15/X
 output16/X
 output18/X
 output19/X
 output25/X
 output29/X
 output30/X
 output31/X
 output32/X
 output33/X
 output4/X
 wire101/X
 wire36/X
 wire37/X
 wire41/X
 wire42/X
 wire47/X
 wire53/X
 wire58/X
 wire62/X
 wire68/X
 wire78/X
 wire82/X
 wire90/X
 wire91/X
 wire94/X

===========================================================================
max slew violation count 0
max fanout violation count 130
max cap violation count 0
============================================================================

===========================================================================
check_setup -verbose -unconstrained_endpoints -multiple_clock -no_clock -no_input_delay -loops -generated_clocks
===========================================================================
Warning: There are 37 unclocked register/latch pins.
  _31439_/GATE_N
  _31746_/GATE_N
  _31747_/GATE_N
  _31748_/GATE_N
  _31749_/GATE_N
  _31895_/GATE_N
  _31896_/GATE_N
  _31897_/GATE_N
  _31898_/GATE_N
  _31899_/GATE_N
  _31900_/GATE_N
  _31901_/GATE_N
  _31902_/GATE_N
  _31903_/GATE_N
  _31904_/GATE_N
  _31905_/GATE_N
  _31906_/GATE_N
  _31907_/GATE_N
  _31908_/GATE_N
  _31909_/GATE_N
  _31910_/GATE_N
  _31911_/GATE_N
  _31912_/GATE_N
  _31913_/GATE_N
  _31914_/GATE_N
  _31915_/GATE_N
  _31916_/GATE_N
  _31917_/GATE_N
  _31918_/GATE_N
  _31919_/GATE_N
  _31920_/GATE_N
  _31921_/GATE_N
  _31922_/GATE_N
  _31923_/GATE_N
  _31924_/GATE_N
  _31925_/GATE_N
  _31926_/GATE_N
Warning: There are 69 unconstrained endpoints.
  _31439_/D
  _31550_/D
  _31551_/D
  _31552_/D
  _31553_/D
  _31554_/D
  _31555_/D
  _31556_/D
  _31557_/D
  _31558_/D
  _31559_/D
  _31560_/D
  _31561_/D
  _31562_/D
  _31563_/D
  _31564_/D
  _31565_/D
  _31566_/D
  _31567_/D
  _31568_/D
  _31569_/D
  _31570_/D
  _31571_/D
  _31572_/D
  _31573_/D
  _31574_/D
  _31575_/D
  _31576_/D
  _31577_/D
  _31578_/D
  _31579_/D
  _31580_/D
  _31581_/D
  _31746_/D
  _31747_/D
  _31748_/D
  _31749_/D
  _31895_/D
  _31896_/D
  _31897_/D
  _31898_/D
  _31899_/D
  _31900_/D
  _31901_/D
  _31902_/D
  _31903_/D
  _31904_/D
  _31905_/D
  _31906_/D
  _31907_/D
  _31908_/D
  _31909_/D
  _31910_/D
  _31911_/D
  _31912_/D
  _31913_/D
  _31914_/D
  _31915_/D
  _31916_/D
  _31917_/D
  _31918_/D
  _31919_/D
  _31920_/D
  _31921_/D
  _31922_/D
  _31923_/D
  _31924_/D
  _31925_/D
  _31926_/D
