Fri Mar 14 21:47:52 +0000 2025 - Executing "{openroad -exit -no_init -python /openlane/scripts/odbpy/lefutil.py get_metal_layers -o /openlane/designs/pl_riscv_cpu/runs/RUN_2025.03.14_21.47.52/tmp/layers.list /home/ayush/.volare/sky130A/libs.ref/sky130_fd_sc_hd/techlef/sky130_fd_sc_hd__nom.tlef}"

Fri Mar 14 21:47:52 +0000 2025 - Executing "{/openlane/scripts/mergeLef.py -o /openlane/designs/pl_riscv_cpu/runs/RUN_2025.03.14_21.47.52/tmp/merged.nom.lef -i /home/ayush/.volare/sky130A/libs.ref/sky130_fd_sc_hd/techlef/sky130_fd_sc_hd__nom.tlef {/home/ayush/.volare/sky130A/libs.ref/sky130_fd_sc_hd/lef/sky130_ef_sc_hd.lef /home/ayush/.volare/sky130A/libs.ref/sky130_fd_sc_hd/lef/sky130_fd_sc_hd.lef} |& tee /dev/null}"

Fri Mar 14 21:47:53 +0000 2025 - Executing "{/openlane/scripts/mergeLef.py -o /openlane/designs/pl_riscv_cpu/runs/RUN_2025.03.14_21.47.52/tmp/merged.min.lef -i /home/ayush/.volare/sky130A/libs.ref/sky130_fd_sc_hd/techlef/sky130_fd_sc_hd__min.tlef {/home/ayush/.volare/sky130A/libs.ref/sky130_fd_sc_hd/lef/sky130_ef_sc_hd.lef /home/ayush/.volare/sky130A/libs.ref/sky130_fd_sc_hd/lef/sky130_fd_sc_hd.lef} |& tee /dev/null}"

Fri Mar 14 21:47:53 +0000 2025 - Executing "{/openlane/scripts/mergeLef.py -o /openlane/designs/pl_riscv_cpu/runs/RUN_2025.03.14_21.47.52/tmp/merged.max.lef -i /home/ayush/.volare/sky130A/libs.ref/sky130_fd_sc_hd/techlef/sky130_fd_sc_hd__max.tlef {/home/ayush/.volare/sky130A/libs.ref/sky130_fd_sc_hd/lef/sky130_ef_sc_hd.lef /home/ayush/.volare/sky130A/libs.ref/sky130_fd_sc_hd/lef/sky130_fd_sc_hd.lef} |& tee /dev/null}"

Fri Mar 14 21:47:53 +0000 2025 - Executing "{python3 /openlane/scripts/mergeLib.py --output /openlane/designs/pl_riscv_cpu/runs/RUN_2025.03.14_21.47.52/tmp/synthesis/merged.lib --name sky130A_merged /home/ayush/.volare/sky130A/libs.ref/sky130_fd_sc_hd/lib/sky130_fd_sc_hd__tt_025C_1v80.lib}"

Fri Mar 14 21:47:53 +0000 2025 - Executing "{python3 /openlane/scripts/libtrim.py --cell-file /openlane/designs/pl_riscv_cpu/runs/RUN_2025.03.14_21.47.52/tmp/synthesis/trimmed.lib.exclude.list --output /openlane/designs/pl_riscv_cpu/runs/RUN_2025.03.14_21.47.52/tmp/synthesis/trimmed.lib /openlane/designs/pl_riscv_cpu/runs/RUN_2025.03.14_21.47.52/tmp/synthesis/merged.lib}"

Fri Mar 14 21:47:53 +0000 2025 - Executing "{python3 /openlane/scripts/libtrim.py --cell-file /openlane/designs/pl_riscv_cpu/runs/RUN_2025.03.14_21.47.52/tmp/cts/cts.lib.exclude.list --output /openlane/designs/pl_riscv_cpu/runs/RUN_2025.03.14_21.47.52/tmp/cts/cts.lib /home/ayush/.volare/sky130A/libs.ref/sky130_fd_sc_hd/lib/sky130_fd_sc_hd__tt_025C_1v80.lib}"

Fri Mar 14 21:47:53 +0000 2025 - Executing "{python3 /openlane/scripts/libtrim.py --cell-file /openlane/designs/pl_riscv_cpu/runs/RUN_2025.03.14_21.47.52/tmp/cts/cts-fastest.lib.exclude.list --output /openlane/designs/pl_riscv_cpu/runs/RUN_2025.03.14_21.47.52/tmp/cts/cts-fastest.lib /home/ayush/.volare/sky130A/libs.ref/sky130_fd_sc_hd/lib/sky130_fd_sc_hd__ff_n40C_1v95.lib}"

Fri Mar 14 21:47:54 +0000 2025 - Executing "{python3 /openlane/scripts/libtrim.py --cell-file /openlane/designs/pl_riscv_cpu/runs/RUN_2025.03.14_21.47.52/tmp/cts/cts-slowest.lib.exclude.list --output /openlane/designs/pl_riscv_cpu/runs/RUN_2025.03.14_21.47.52/tmp/cts/cts-slowest.lib /home/ayush/.volare/sky130A/libs.ref/sky130_fd_sc_hd/lib/sky130_fd_sc_hd__ss_100C_1v60.lib}"

Fri Mar 14 21:47:54 +0000 2025 - Executing "{python3 /openlane/scripts/new_tracks.py -i /home/ayush/.volare/sky130A/libs.tech/openlane/sky130_fd_sc_hd/tracks.info -o /openlane/designs/pl_riscv_cpu/runs/RUN_2025.03.14_21.47.52/tmp/routing/config.tracks}"

Fri Mar 14 21:47:54 +0000 2025 - Executing "{echo {OpenLane e73fb3c57e687a0023fcd4dcfd1566ecd478362a} > /openlane/designs/pl_riscv_cpu/runs/RUN_2025.03.14_21.47.52/OPENLANE_COMMIT}"

Fri Mar 14 21:47:54 +0000 2025 - Executing "{yosys -c /openlane/scripts/yosys/blackbox.tcl}"

Fri Mar 14 21:47:54 +0000 2025 - Executing "{verilator -Wall --lint-only --Wno-DECLFILENAME --top-module pl_riscv_cpu /openlane/designs/pl_riscv_cpu/runs/RUN_2025.03.14_21.47.52/tmp/synthesis/blackbox/sky130_fd_sc_hd__blackbox.v /openlane/designs/pl_riscv_cpu/src/pl_riscv_cpu.v -Wno-fatal --relative-includes |& tee /openlane/designs/pl_riscv_cpu/runs/RUN_2025.03.14_21.47.52/logs/synthesis/linter.log /dev/null}"

Fri Mar 14 21:47:55 +0000 2025 - Executing "{sed -E {s/^([[:space:]]+)pg_pin(.*)/\1pin\2\n\1    direction : "inout";/g} /home/ayush/.volare/sky130A/libs.ref/sky130_fd_sc_hd/lib/sky130_fd_sc_hd__tt_025C_1v80.lib > /openlane/designs/pl_riscv_cpu/runs/RUN_2025.03.14_21.47.52/tmp/synthesis/1-sky130_fd_sc_hd__tt_025C_1v80.no_pg.lib}"

Fri Mar 14 21:47:55 +0000 2025 - Executing "{sed -E {s/^([[:space:]]+)pg_pin(.*)/\1pin\2\n\1    direction : "inout";/g} /openlane/designs/pl_riscv_cpu/runs/RUN_2025.03.14_21.47.52/tmp/synthesis/trimmed.lib > /openlane/designs/pl_riscv_cpu/runs/RUN_2025.03.14_21.47.52/tmp/synthesis/1-trimmed.no_pg.lib}"

Fri Mar 14 21:47:55 +0000 2025 - Executing "yosys -c /openlane/scripts/yosys/synth.tcl |& tee /dev/null /openlane/designs/pl_riscv_cpu/runs/RUN_2025.03.14_21.47.52/logs/synthesis/1-synthesis.log"

Fri Mar 14 21:47:55 +0000 2025 - Executing "{yosys -c /openlane/scripts/yosys/synth.tcl |& tee /dev/null /openlane/designs/pl_riscv_cpu/runs/RUN_2025.03.14_21.47.52/logs/synthesis/1-synthesis.log}"

Fri Mar 14 21:48:25 +0000 2025 - Executing "{sed -i.bak -e {s/\(set ::env(CURRENT_NETLIST)\).*/\1 \/openlane\/designs\/pl_riscv_cpu\/runs\/RUN_2025.03.14_21.47.52\/results\/synthesis\/pl_riscv_cpu.v/} /openlane/designs/pl_riscv_cpu/runs/RUN_2025.03.14_21.47.52/config.tcl}"

Fri Mar 14 21:48:25 +0000 2025 - Executing "{sed -i.bak /defparam/d /openlane/designs/pl_riscv_cpu/runs/RUN_2025.03.14_21.47.52/results/synthesis/pl_riscv_cpu.v}"

Fri Mar 14 21:48:25 +0000 2025 - Executing "sta -exit -no_init /openlane/scripts/openroad/sta/multi_corner.tcl |& tee /dev/null /openlane/designs/pl_riscv_cpu/runs/RUN_2025.03.14_21.47.52/logs/synthesis/2-sta.log"

Fri Mar 14 21:48:25 +0000 2025 - Executing "{sta -exit -no_init /openlane/scripts/openroad/sta/multi_corner.tcl |& tee /dev/null /openlane/designs/pl_riscv_cpu/runs/RUN_2025.03.14_21.47.52/logs/synthesis/2-sta.log}"

Fri Mar 14 21:48:28 +0000 2025 - Executing "openroad -exit /openlane/scripts/openroad/floorplan.tcl |& tee /dev/null /openlane/designs/pl_riscv_cpu/runs/RUN_2025.03.14_21.47.52/logs/floorplan/3-initial_fp.log"

Fri Mar 14 21:48:28 +0000 2025 - Executing "{openroad -exit /openlane/scripts/openroad/floorplan.tcl |& tee /dev/null /openlane/designs/pl_riscv_cpu/runs/RUN_2025.03.14_21.47.52/logs/floorplan/3-initial_fp.log}"

Fri Mar 14 21:48:29 +0000 2025 - Executing "{openroad -exit -no_init -python /openlane/scripts/odbpy/defutil.py extract_core_dims --output-data /openlane/designs/pl_riscv_cpu/runs/RUN_2025.03.14_21.47.52/tmp/dimensions.txt --input-lef /openlane/designs/pl_riscv_cpu/runs/RUN_2025.03.14_21.47.52/tmp/merged.nom.lef /openlane/designs/pl_riscv_cpu/runs/RUN_2025.03.14_21.47.52/tmp/floorplan/3-initial_fp.def}"

Fri Mar 14 21:48:30 +0000 2025 - Executing "openroad -exit /openlane/scripts/openroad/ioplacer.tcl |& tee /dev/null /openlane/designs/pl_riscv_cpu/runs/RUN_2025.03.14_21.47.52/logs/floorplan/4-io.log"

Fri Mar 14 21:48:30 +0000 2025 - Executing "{openroad -exit /openlane/scripts/openroad/ioplacer.tcl |& tee /dev/null /openlane/designs/pl_riscv_cpu/runs/RUN_2025.03.14_21.47.52/logs/floorplan/4-io.log}"

Fri Mar 14 21:48:31 +0000 2025 - Executing "openroad -exit /openlane/scripts/openroad/tapcell.tcl |& tee /dev/null /openlane/designs/pl_riscv_cpu/runs/RUN_2025.03.14_21.47.52/logs/floorplan/5-tap.log"

Fri Mar 14 21:48:31 +0000 2025 - Executing "{openroad -exit /openlane/scripts/openroad/tapcell.tcl |& tee /dev/null /openlane/designs/pl_riscv_cpu/runs/RUN_2025.03.14_21.47.52/logs/floorplan/5-tap.log}"

Fri Mar 14 21:48:32 +0000 2025 - Executing "openroad -exit /openlane/scripts/openroad/pdn.tcl |& tee /dev/null /openlane/designs/pl_riscv_cpu/runs/RUN_2025.03.14_21.47.52/logs/floorplan/6-pdn.log"

Fri Mar 14 21:48:32 +0000 2025 - Executing "{openroad -exit /openlane/scripts/openroad/pdn.tcl |& tee /dev/null /openlane/designs/pl_riscv_cpu/runs/RUN_2025.03.14_21.47.52/logs/floorplan/6-pdn.log}"

Fri Mar 14 21:48:33 +0000 2025 - Executing "openroad -exit /openlane/scripts/openroad/gpl.tcl |& tee /dev/null /openlane/designs/pl_riscv_cpu/runs/RUN_2025.03.14_21.47.52/logs/placement/6-global_skip_io.log"

Fri Mar 14 21:48:33 +0000 2025 - Executing "{openroad -exit /openlane/scripts/openroad/gpl.tcl |& tee /dev/null /openlane/designs/pl_riscv_cpu/runs/RUN_2025.03.14_21.47.52/logs/placement/6-global_skip_io.log}"

Fri Mar 14 21:48:36 +0000 2025 - Executing "{sed -i.bak -e {s/\(set ::env(CURRENT_NETLIST)\).*/\1 \/openlane\/designs\/pl_riscv_cpu\/runs\/RUN_2025.03.14_21.47.52\/tmp\/placement\/7-global_skip_io.nl.v/} /openlane/designs/pl_riscv_cpu/runs/RUN_2025.03.14_21.47.52/config.tcl}"

Fri Mar 14 21:48:37 +0000 2025 - Executing "openroad -exit /openlane/scripts/openroad/sta/multi_corner.tcl |& tee /dev/null /openlane/designs/pl_riscv_cpu/runs/RUN_2025.03.14_21.47.52/logs/placement/8-gpl_sta.log"

Fri Mar 14 21:48:37 +0000 2025 - Executing "{openroad -exit /openlane/scripts/openroad/sta/multi_corner.tcl |& tee /dev/null /openlane/designs/pl_riscv_cpu/runs/RUN_2025.03.14_21.47.52/logs/placement/8-gpl_sta.log}"

Fri Mar 14 21:48:42 +0000 2025 - Executing "openroad -exit /openlane/scripts/openroad/ioplacer.tcl |& tee /dev/null /openlane/designs/pl_riscv_cpu/runs/RUN_2025.03.14_21.47.52/logs/placement/9-io.log"

Fri Mar 14 21:48:42 +0000 2025 - Executing "{openroad -exit /openlane/scripts/openroad/ioplacer.tcl |& tee /dev/null /openlane/designs/pl_riscv_cpu/runs/RUN_2025.03.14_21.47.52/logs/placement/9-io.log}"

Fri Mar 14 21:48:43 +0000 2025 - Executing "openroad -exit /openlane/scripts/openroad/gpl.tcl |& tee /dev/null /openlane/designs/pl_riscv_cpu/runs/RUN_2025.03.14_21.47.52/logs/placement/9-global.log"

Fri Mar 14 21:48:43 +0000 2025 - Executing "{openroad -exit /openlane/scripts/openroad/gpl.tcl |& tee /dev/null /openlane/designs/pl_riscv_cpu/runs/RUN_2025.03.14_21.47.52/logs/placement/9-global.log}"

Fri Mar 14 21:48:47 +0000 2025 - Executing "{sed -i.bak -e {s/\(set ::env(CURRENT_NETLIST)\).*/\1 \/openlane\/designs\/pl_riscv_cpu\/runs\/RUN_2025.03.14_21.47.52\/tmp\/placement\/10-global.nl.v/} /openlane/designs/pl_riscv_cpu/runs/RUN_2025.03.14_21.47.52/config.tcl}"

Fri Mar 14 21:48:47 +0000 2025 - Executing "openroad -exit /openlane/scripts/openroad/sta/multi_corner.tcl |& tee /dev/null /openlane/designs/pl_riscv_cpu/runs/RUN_2025.03.14_21.47.52/logs/placement/11-gpl_sta.log"

Fri Mar 14 21:48:47 +0000 2025 - Executing "{openroad -exit /openlane/scripts/openroad/sta/multi_corner.tcl |& tee /dev/null /openlane/designs/pl_riscv_cpu/runs/RUN_2025.03.14_21.47.52/logs/placement/11-gpl_sta.log}"

Fri Mar 14 21:48:52 +0000 2025 - Executing "openroad -exit /openlane/scripts/openroad/resizer.tcl |& tee /dev/null /openlane/designs/pl_riscv_cpu/runs/RUN_2025.03.14_21.47.52/logs/placement/12-resizer.log"

Fri Mar 14 21:48:52 +0000 2025 - Executing "{openroad -exit /openlane/scripts/openroad/resizer.tcl |& tee /dev/null /openlane/designs/pl_riscv_cpu/runs/RUN_2025.03.14_21.47.52/logs/placement/12-resizer.log}"

Fri Mar 14 21:49:02 +0000 2025 - Executing "{sed -i.bak -e {s/\(set ::env(CURRENT_NETLIST)\).*/\1 \/openlane\/designs\/pl_riscv_cpu\/runs\/RUN_2025.03.14_21.47.52\/tmp\/placement\/12-resizer.nl.v/} /openlane/designs/pl_riscv_cpu/runs/RUN_2025.03.14_21.47.52/config.tcl}"

Fri Mar 14 21:49:02 +0000 2025 - Executing "openroad -exit /openlane/scripts/openroad/dpl.tcl |& tee /dev/null /openlane/designs/pl_riscv_cpu/runs/RUN_2025.03.14_21.47.52/logs/placement/13-detailed.log"

Fri Mar 14 21:49:02 +0000 2025 - Executing "{openroad -exit /openlane/scripts/openroad/dpl.tcl |& tee /dev/null /openlane/designs/pl_riscv_cpu/runs/RUN_2025.03.14_21.47.52/logs/placement/13-detailed.log}"

Fri Mar 14 21:49:03 +0000 2025 - Executing "{sed -i.bak -e {s/\(set ::env(CURRENT_NETLIST)\).*/\1 \/openlane\/designs\/pl_riscv_cpu\/runs\/RUN_2025.03.14_21.47.52\/results\/placement\/pl_riscv_cpu.nl.v/} /openlane/designs/pl_riscv_cpu/runs/RUN_2025.03.14_21.47.52/config.tcl}"

Fri Mar 14 21:49:03 +0000 2025 - Executing "openroad -exit /openlane/scripts/openroad/sta/multi_corner.tcl |& tee /dev/null /openlane/designs/pl_riscv_cpu/runs/RUN_2025.03.14_21.47.52/logs/placement/14-dpl_sta.log"

Fri Mar 14 21:49:03 +0000 2025 - Executing "{openroad -exit /openlane/scripts/openroad/sta/multi_corner.tcl |& tee /dev/null /openlane/designs/pl_riscv_cpu/runs/RUN_2025.03.14_21.47.52/logs/placement/14-dpl_sta.log}"

Fri Mar 14 21:49:08 +0000 2025 - Executing "openroad -exit /openlane/scripts/openroad/cts.tcl |& tee /dev/null /openlane/designs/pl_riscv_cpu/runs/RUN_2025.03.14_21.47.52/logs/cts/15-cts.log"

Fri Mar 14 21:49:08 +0000 2025 - Executing "{openroad -exit /openlane/scripts/openroad/cts.tcl |& tee /dev/null /openlane/designs/pl_riscv_cpu/runs/RUN_2025.03.14_21.47.52/logs/cts/15-cts.log}"

Fri Mar 14 21:49:22 +0000 2025 - Executing "openroad -exit /openlane/scripts/openroad/sta/multi_corner.tcl |& tee /dev/null /openlane/designs/pl_riscv_cpu/runs/RUN_2025.03.14_21.47.52/logs/cts/16-cts_sta.log"

Fri Mar 14 21:49:22 +0000 2025 - Executing "{openroad -exit /openlane/scripts/openroad/sta/multi_corner.tcl |& tee /dev/null /openlane/designs/pl_riscv_cpu/runs/RUN_2025.03.14_21.47.52/logs/cts/16-cts_sta.log}"

Fri Mar 14 21:49:29 +0000 2025 - Executing "openroad -exit /openlane/scripts/openroad/resizer_timing.tcl |& tee /dev/null /openlane/designs/pl_riscv_cpu/runs/RUN_2025.03.14_21.47.52/logs/cts/17-resizer.log"

Fri Mar 14 21:49:29 +0000 2025 - Executing "{openroad -exit /openlane/scripts/openroad/resizer_timing.tcl |& tee /dev/null /openlane/designs/pl_riscv_cpu/runs/RUN_2025.03.14_21.47.52/logs/cts/17-resizer.log}"

Fri Mar 14 21:50:34 +0000 2025 - Executing "{sed -i.bak -e {s/\(set ::env(CURRENT_NETLIST)\).*/\1 \/openlane\/designs\/pl_riscv_cpu\/runs\/RUN_2025.03.14_21.47.52\/tmp\/cts\/17-pl_riscv_cpu.resized.nl.v/} /openlane/designs/pl_riscv_cpu/runs/RUN_2025.03.14_21.47.52/config.tcl}"

Fri Mar 14 21:50:34 +0000 2025 - Executing "openroad -exit /openlane/scripts/openroad/resizer_routing_design.tcl |& tee /dev/null /openlane/designs/pl_riscv_cpu/runs/RUN_2025.03.14_21.47.52/logs/routing/18-resizer_design.log"

Fri Mar 14 21:50:34 +0000 2025 - Executing "{openroad -exit /openlane/scripts/openroad/resizer_routing_design.tcl |& tee /dev/null /openlane/designs/pl_riscv_cpu/runs/RUN_2025.03.14_21.47.52/logs/routing/18-resizer_design.log}"

Fri Mar 14 21:50:51 +0000 2025 - Executing "{sed -i.bak -e {s/\(set ::env(CURRENT_NETLIST)\).*/\1 \/openlane\/designs\/pl_riscv_cpu\/runs\/RUN_2025.03.14_21.47.52\/tmp\/18-pl_riscv_cpu.nl.v/} /openlane/designs/pl_riscv_cpu/runs/RUN_2025.03.14_21.47.52/config.tcl}"

Fri Mar 14 21:50:51 +0000 2025 - Executing "openroad -exit /openlane/scripts/openroad/sta/multi_corner.tcl |& tee /dev/null /openlane/designs/pl_riscv_cpu/runs/RUN_2025.03.14_21.47.52/logs/routing/19-rsz_design_sta.log"

Fri Mar 14 21:50:51 +0000 2025 - Executing "{openroad -exit /openlane/scripts/openroad/sta/multi_corner.tcl |& tee /dev/null /openlane/designs/pl_riscv_cpu/runs/RUN_2025.03.14_21.47.52/logs/routing/19-rsz_design_sta.log}"

Fri Mar 14 21:50:59 +0000 2025 - Executing "openroad -exit /openlane/scripts/openroad/resizer_routing_timing.tcl |& tee /dev/null /openlane/designs/pl_riscv_cpu/runs/RUN_2025.03.14_21.47.52/logs/routing/20-resizer_timing.log"

Fri Mar 14 21:50:59 +0000 2025 - Executing "{openroad -exit /openlane/scripts/openroad/resizer_routing_timing.tcl |& tee /dev/null /openlane/designs/pl_riscv_cpu/runs/RUN_2025.03.14_21.47.52/logs/routing/20-resizer_timing.log}"

Fri Mar 14 21:51:14 +0000 2025 - Executing "{sed -i.bak -e {s/\(set ::env(CURRENT_NETLIST)\).*/\1 \/openlane\/designs\/pl_riscv_cpu\/runs\/RUN_2025.03.14_21.47.52\/tmp\/20-pl_riscv_cpu.nl.v/} /openlane/designs/pl_riscv_cpu/runs/RUN_2025.03.14_21.47.52/config.tcl}"

Fri Mar 14 21:51:14 +0000 2025 - Executing "openroad -exit /openlane/scripts/openroad/sta/multi_corner.tcl |& tee /dev/null /openlane/designs/pl_riscv_cpu/runs/RUN_2025.03.14_21.47.52/logs/routing/21-rsz_timing_sta.log"

Fri Mar 14 21:51:14 +0000 2025 - Executing "{openroad -exit /openlane/scripts/openroad/sta/multi_corner.tcl |& tee /dev/null /openlane/designs/pl_riscv_cpu/runs/RUN_2025.03.14_21.47.52/logs/routing/21-rsz_timing_sta.log}"

Fri Mar 14 21:51:21 +0000 2025 - Executing "openroad -exit /openlane/scripts/openroad/repair_antennas.tcl |& tee /dev/null /openlane/designs/pl_riscv_cpu/runs/RUN_2025.03.14_21.47.52/logs/routing/22-global.log"

Fri Mar 14 21:51:21 +0000 2025 - Executing "{openroad -exit /openlane/scripts/openroad/repair_antennas.tcl |& tee /dev/null /openlane/designs/pl_riscv_cpu/runs/RUN_2025.03.14_21.47.52/logs/routing/22-global.log}"

Fri Mar 14 21:51:33 +0000 2025 - Executing "openroad -exit /openlane/scripts/openroad/write_views.tcl |& tee /dev/null /openlane/designs/pl_riscv_cpu/runs/RUN_2025.03.14_21.47.52/logs/routing/22-global_write_netlist.log"

Fri Mar 14 21:51:33 +0000 2025 - Executing "{openroad -exit /openlane/scripts/openroad/write_views.tcl |& tee /dev/null /openlane/designs/pl_riscv_cpu/runs/RUN_2025.03.14_21.47.52/logs/routing/22-global_write_netlist.log}"

Fri Mar 14 21:51:34 +0000 2025 - Executing "{sed -i.bak -e {s/\(set ::env(CURRENT_NETLIST)\).*/\1 \/openlane\/designs\/pl_riscv_cpu\/runs\/RUN_2025.03.14_21.47.52\/tmp\/routing\/global.nl.v/} /openlane/designs/pl_riscv_cpu/runs/RUN_2025.03.14_21.47.52/config.tcl}"

Fri Mar 14 21:51:34 +0000 2025 - Executing "openroad -exit /openlane/scripts/openroad/sta/multi_corner.tcl |& tee /dev/null /openlane/designs/pl_riscv_cpu/runs/RUN_2025.03.14_21.47.52/logs/routing/24-grt_sta.log"

Fri Mar 14 21:51:34 +0000 2025 - Executing "{openroad -exit /openlane/scripts/openroad/sta/multi_corner.tcl |& tee /dev/null /openlane/designs/pl_riscv_cpu/runs/RUN_2025.03.14_21.47.52/logs/routing/24-grt_sta.log}"

Fri Mar 14 21:51:39 +0000 2025 - Executing "openroad -exit /openlane/scripts/openroad/fill.tcl |& tee /dev/null /openlane/designs/pl_riscv_cpu/runs/RUN_2025.03.14_21.47.52/logs/routing/25-fill.log"

Fri Mar 14 21:51:39 +0000 2025 - Executing "{openroad -exit /openlane/scripts/openroad/fill.tcl |& tee /dev/null /openlane/designs/pl_riscv_cpu/runs/RUN_2025.03.14_21.47.52/logs/routing/25-fill.log}"

Fri Mar 14 21:51:40 +0000 2025 - Executing "{sed -i.bak -e {s/\(set ::env(CURRENT_NETLIST)\).*/\1 \/openlane\/designs\/pl_riscv_cpu\/runs\/RUN_2025.03.14_21.47.52\/tmp\/routing\/25-fill.nl.v/} /openlane/designs/pl_riscv_cpu/runs/RUN_2025.03.14_21.47.52/config.tcl}"

Fri Mar 14 21:51:40 +0000 2025 - Executing "openroad -exit -metrics /openlane/designs/pl_riscv_cpu/runs/RUN_2025.03.14_21.47.52/reports/routing/26-drt_metrics.json /openlane/scripts/openroad/droute.tcl |& tee /dev/null /openlane/designs/pl_riscv_cpu/runs/RUN_2025.03.14_21.47.52/logs/routing/26-detailed.log"

Fri Mar 14 21:51:40 +0000 2025 - Executing "{openroad -exit -metrics /openlane/designs/pl_riscv_cpu/runs/RUN_2025.03.14_21.47.52/reports/routing/26-drt_metrics.json /openlane/scripts/openroad/droute.tcl |& tee /dev/null /openlane/designs/pl_riscv_cpu/runs/RUN_2025.03.14_21.47.52/logs/routing/26-detailed.log}"

Fri Mar 14 22:21:47 +0000 2025 - Executing "{sed -i.bak -e {s/\(set ::env(CURRENT_NETLIST)\).*/\1 \/openlane\/designs\/pl_riscv_cpu\/runs\/RUN_2025.03.14_21.47.52\/results\/routing\/pl_riscv_cpu.nl.v/} /openlane/designs/pl_riscv_cpu/runs/RUN_2025.03.14_21.47.52/config.tcl}"

Fri Mar 14 22:21:47 +0000 2025 - Executing "{python3 /openlane/scripts/drc_rosetta.py tr to_klayout -o /openlane/designs/pl_riscv_cpu/runs/RUN_2025.03.14_21.47.52/reports/routing/drt.klayout.xml --design-name pl_riscv_cpu /openlane/designs/pl_riscv_cpu/runs/RUN_2025.03.14_21.47.52/reports/routing/drt.drc}"

Fri Mar 14 22:21:47 +0000 2025 - Executing "{openroad -exit -no_init -python /openlane/scripts/odbpy/wire_lengths.py --report-out /openlane/designs/pl_riscv_cpu/runs/RUN_2025.03.14_21.47.52/reports/routing/27-wire_lengths.csv --input-lef /openlane/designs/pl_riscv_cpu/runs/RUN_2025.03.14_21.47.52/tmp/merged.nom.lef --output-def /openlane/designs/pl_riscv_cpu/runs/RUN_2025.03.14_21.47.52/results/routing/pl_riscv_cpu.def --output /openlane/designs/pl_riscv_cpu/runs/RUN_2025.03.14_21.47.52/results/routing/pl_riscv_cpu.odb /openlane/designs/pl_riscv_cpu/runs/RUN_2025.03.14_21.47.52/results/routing/pl_riscv_cpu.odb |& tee /dev/null /openlane/designs/pl_riscv_cpu/runs/RUN_2025.03.14_21.47.52/logs/routing/27-wire_lengths.log}"

Fri Mar 14 22:21:49 +0000 2025 - Executing "openroad -exit /openlane/scripts/openroad/rcx.tcl |& tee /dev/null /openlane/designs/pl_riscv_cpu/runs/RUN_2025.03.14_21.47.52/logs/signoff/28-parasitics_extraction.min.log"

Fri Mar 14 22:21:49 +0000 2025 - Executing "{openroad -exit /openlane/scripts/openroad/rcx.tcl |& tee /dev/null /openlane/designs/pl_riscv_cpu/runs/RUN_2025.03.14_21.47.52/logs/signoff/28-parasitics_extraction.min.log}"

Fri Mar 14 22:21:57 +0000 2025 - Executing "sta -exit -no_init /openlane/scripts/openroad/sta/multi_corner.tcl |& tee /dev/null /openlane/designs/pl_riscv_cpu/runs/RUN_2025.03.14_21.47.52/logs/signoff/29-rcx_mcsta.min.log"

Fri Mar 14 22:21:57 +0000 2025 - Executing "{sta -exit -no_init /openlane/scripts/openroad/sta/multi_corner.tcl |& tee /dev/null /openlane/designs/pl_riscv_cpu/runs/RUN_2025.03.14_21.47.52/logs/signoff/29-rcx_mcsta.min.log}"

Fri Mar 14 22:22:28 +0000 2025 - Executing "openroad -exit /openlane/scripts/openroad/rcx.tcl |& tee /dev/null /openlane/designs/pl_riscv_cpu/runs/RUN_2025.03.14_21.47.52/logs/signoff/30-parasitics_extraction.max.log"

Fri Mar 14 22:22:28 +0000 2025 - Executing "{openroad -exit /openlane/scripts/openroad/rcx.tcl |& tee /dev/null /openlane/designs/pl_riscv_cpu/runs/RUN_2025.03.14_21.47.52/logs/signoff/30-parasitics_extraction.max.log}"

Fri Mar 14 22:22:35 +0000 2025 - Executing "sta -exit -no_init /openlane/scripts/openroad/sta/multi_corner.tcl |& tee /dev/null /openlane/designs/pl_riscv_cpu/runs/RUN_2025.03.14_21.47.52/logs/signoff/31-rcx_mcsta.max.log"

Fri Mar 14 22:22:35 +0000 2025 - Executing "{sta -exit -no_init /openlane/scripts/openroad/sta/multi_corner.tcl |& tee /dev/null /openlane/designs/pl_riscv_cpu/runs/RUN_2025.03.14_21.47.52/logs/signoff/31-rcx_mcsta.max.log}"

Fri Mar 14 22:23:08 +0000 2025 - Executing "openroad -exit /openlane/scripts/openroad/rcx.tcl |& tee /dev/null /openlane/designs/pl_riscv_cpu/runs/RUN_2025.03.14_21.47.52/logs/signoff/32-parasitics_extraction.nom.log"

Fri Mar 14 22:23:08 +0000 2025 - Executing "{openroad -exit /openlane/scripts/openroad/rcx.tcl |& tee /dev/null /openlane/designs/pl_riscv_cpu/runs/RUN_2025.03.14_21.47.52/logs/signoff/32-parasitics_extraction.nom.log}"

Fri Mar 14 22:23:15 +0000 2025 - Executing "sta -exit -no_init /openlane/scripts/openroad/sta/multi_corner.tcl |& tee /dev/null /openlane/designs/pl_riscv_cpu/runs/RUN_2025.03.14_21.47.52/logs/signoff/33-rcx_mcsta.nom.log"

Fri Mar 14 22:23:15 +0000 2025 - Executing "{sta -exit -no_init /openlane/scripts/openroad/sta/multi_corner.tcl |& tee /dev/null /openlane/designs/pl_riscv_cpu/runs/RUN_2025.03.14_21.47.52/logs/signoff/33-rcx_mcsta.nom.log}"

Fri Mar 14 22:23:47 +0000 2025 - Executing "openroad -exit /openlane/scripts/openroad/irdrop.tcl |& tee /dev/null /openlane/designs/pl_riscv_cpu/runs/RUN_2025.03.14_21.47.52/logs/signoff/34-irdrop.log"

Fri Mar 14 22:23:47 +0000 2025 - Executing "{openroad -exit /openlane/scripts/openroad/irdrop.tcl |& tee /dev/null /openlane/designs/pl_riscv_cpu/runs/RUN_2025.03.14_21.47.52/logs/signoff/34-irdrop.log}"

Fri Mar 14 22:23:58 +0000 2025 - Executing "magic -noconsole -dnull -rcfile /home/ayush/.volare/sky130A/libs.tech/magic/sky130A.magicrc < /openlane/scripts/magic/wrapper.tcl |& tee /dev/null /openlane/designs/pl_riscv_cpu/runs/RUN_2025.03.14_21.47.52/logs/signoff/35-gdsii.log"

Fri Mar 14 22:23:58 +0000 2025 - Executing "{magic -noconsole -dnull -rcfile /home/ayush/.volare/sky130A/libs.tech/magic/sky130A.magicrc < /openlane/scripts/magic/wrapper.tcl |& tee /dev/null /openlane/designs/pl_riscv_cpu/runs/RUN_2025.03.14_21.47.52/logs/signoff/35-gdsii.log}"

Fri Mar 14 22:24:12 +0000 2025 - Executing "magic -noconsole -dnull -rcfile /home/ayush/.volare/sky130A/libs.tech/magic/sky130A.magicrc < /openlane/scripts/magic/wrapper.tcl |& tee /dev/null /openlane/designs/pl_riscv_cpu/runs/RUN_2025.03.14_21.47.52/logs/signoff/35-gds_ptrs.log"

Fri Mar 14 22:24:12 +0000 2025 - Executing "{magic -noconsole -dnull -rcfile /home/ayush/.volare/sky130A/libs.tech/magic/sky130A.magicrc < /openlane/scripts/magic/wrapper.tcl |& tee /dev/null /openlane/designs/pl_riscv_cpu/runs/RUN_2025.03.14_21.47.52/logs/signoff/35-gds_ptrs.log}"

Fri Mar 14 22:24:23 +0000 2025 - Executing "{sed -i.bak -n {/^<< properties >>/,/^<< end >>/p} /openlane/designs/pl_riscv_cpu/runs/RUN_2025.03.14_21.47.52/tmp/signoff/gds_ptrs.mag}"

Fri Mar 14 22:24:24 +0000 2025 - Executing "magic -noconsole -dnull -rcfile /home/ayush/.volare/sky130A/libs.tech/magic/sky130A.magicrc < /openlane/scripts/magic/wrapper.tcl |& tee /dev/null /openlane/designs/pl_riscv_cpu/runs/RUN_2025.03.14_21.47.52/logs/signoff/35-lef.log"

Fri Mar 14 22:24:24 +0000 2025 - Executing "{magic -noconsole -dnull -rcfile /home/ayush/.volare/sky130A/libs.tech/magic/sky130A.magicrc < /openlane/scripts/magic/wrapper.tcl |& tee /dev/null /openlane/designs/pl_riscv_cpu/runs/RUN_2025.03.14_21.47.52/logs/signoff/35-lef.log}"

Fri Mar 14 22:24:41 +0000 2025 - Executing "magic -noconsole -dnull -rcfile /home/ayush/.volare/sky130A/libs.tech/magic/sky130A.magicrc < /openlane/scripts/magic/wrapper.tcl |& tee /dev/null /openlane/designs/pl_riscv_cpu/runs/RUN_2025.03.14_21.47.52/logs/signoff/35-maglef.log"

Fri Mar 14 22:24:41 +0000 2025 - Executing "{magic -noconsole -dnull -rcfile /home/ayush/.volare/sky130A/libs.tech/magic/sky130A.magicrc < /openlane/scripts/magic/wrapper.tcl |& tee /dev/null /openlane/designs/pl_riscv_cpu/runs/RUN_2025.03.14_21.47.52/logs/signoff/35-maglef.log}"

Fri Mar 14 22:24:41 +0000 2025 - Executing "{python3 /openlane/scripts/klayout/stream_out.py --output /openlane/designs/pl_riscv_cpu/runs/RUN_2025.03.14_21.47.52/results/signoff/pl_riscv_cpu.klayout.gds --lyt /home/ayush/.volare/sky130A/libs.tech/klayout/tech/sky130A.lyt --lym /home/ayush/.volare/sky130A/libs.tech/klayout/tech/sky130A.map --lyp /home/ayush/.volare/sky130A/libs.tech/klayout/tech/sky130A.lyp --top pl_riscv_cpu --with-gds-file /home/ayush/.volare/sky130A/libs.ref/sky130_fd_sc_hd/gds/sky130_fd_sc_hd.gds --input-lef /openlane/designs/pl_riscv_cpu/runs/RUN_2025.03.14_21.47.52/tmp/merged.nom.lef /openlane/designs/pl_riscv_cpu/runs/RUN_2025.03.14_21.47.52/results/routing/pl_riscv_cpu.def |& tee /dev/null /openlane/designs/pl_riscv_cpu/runs/RUN_2025.03.14_21.47.52/logs/signoff/36-gdsii-klayout.log}"

Fri Mar 14 22:24:44 +0000 2025 - Executing "{klayout -b -r /openlane/scripts/klayout/xor.drc -rd a=/openlane/designs/pl_riscv_cpu/runs/RUN_2025.03.14_21.47.52/results/signoff/pl_riscv_cpu.gds -rd b=/openlane/designs/pl_riscv_cpu/runs/RUN_2025.03.14_21.47.52/results/signoff/pl_riscv_cpu.klayout.gds -rd jobs=1 -rd rdb_out=/openlane/designs/pl_riscv_cpu/runs/RUN_2025.03.14_21.47.52/reports/signoff/37-xor.xml -rd ignore=81/14 -rd rpt_out=/openlane/designs/pl_riscv_cpu/runs/RUN_2025.03.14_21.47.52/reports/signoff/37-xor.rpt |& tee /dev/null /openlane/designs/pl_riscv_cpu/runs/RUN_2025.03.14_21.47.52/logs/signoff/37-xor.log}"

Fri Mar 14 22:25:13 +0000 2025 - Executing "magic -noconsole -dnull -rcfile /home/ayush/.volare/sky130A/libs.tech/magic/sky130A.magicrc < /openlane/scripts/magic/wrapper.tcl |& tee /dev/null /openlane/designs/pl_riscv_cpu/runs/RUN_2025.03.14_21.47.52/logs/signoff/38-spice.log"

Fri Mar 14 22:25:13 +0000 2025 - Executing "{magic -noconsole -dnull -rcfile /home/ayush/.volare/sky130A/libs.tech/magic/sky130A.magicrc < /openlane/scripts/magic/wrapper.tcl |& tee /dev/null /openlane/designs/pl_riscv_cpu/runs/RUN_2025.03.14_21.47.52/logs/signoff/38-spice.log}"

Fri Mar 14 22:25:42 +0000 2025 - Executing "{openroad -exit -no_init -python /openlane/scripts/odbpy/power_utils.py write_powered_def --output /openlane/designs/pl_riscv_cpu/runs/RUN_2025.03.14_21.47.52/tmp/signoff/38-pl_riscv_cpu.p.def --input-lef /openlane/designs/pl_riscv_cpu/runs/RUN_2025.03.14_21.47.52/tmp/merged.nom.lef --power-port VPWR --ground-port VGND --powered-netlist {} /openlane/designs/pl_riscv_cpu/runs/RUN_2025.03.14_21.47.52/results/routing/pl_riscv_cpu.def |& tee /dev/null /openlane/designs/pl_riscv_cpu/runs/RUN_2025.03.14_21.47.52/logs/signoff/39-write_powered_def.log}"

Fri Mar 14 22:25:43 +0000 2025 - Executing "openroad -exit /openlane/scripts/openroad/write_views.tcl |& tee /dev/null /openlane/designs/pl_riscv_cpu/runs/RUN_2025.03.14_21.47.52/logs/signoff/39-write_powered_verilog.log"

Fri Mar 14 22:25:44 +0000 2025 - Executing "{openroad -exit /openlane/scripts/openroad/write_views.tcl |& tee /dev/null /openlane/designs/pl_riscv_cpu/runs/RUN_2025.03.14_21.47.52/logs/signoff/39-write_powered_verilog.log}"

Fri Mar 14 22:25:47 +0000 2025 - Executing "{sed -i.bak -e {s/\(set ::env(CURRENT_NETLIST)\).*/\1 \/openlane\/designs\/pl_riscv_cpu\/runs\/RUN_2025.03.14_21.47.52\/tmp\/signoff\/38-pl_riscv_cpu.nl.v/} /openlane/designs/pl_riscv_cpu/runs/RUN_2025.03.14_21.47.52/config.tcl}"

Fri Mar 14 22:25:47 +0000 2025 - Executing "{netgen -batch source /openlane/designs/pl_riscv_cpu/runs/RUN_2025.03.14_21.47.52/tmp/signoff/41-setup_file.lef.lvs |& tee /dev/null /openlane/designs/pl_riscv_cpu/runs/RUN_2025.03.14_21.47.52/logs/signoff/41-lvs.lef.log}"

Fri Mar 14 22:25:53 +0000 2025 - Executing "magic -noconsole -dnull -rcfile /home/ayush/.volare/sky130A/libs.tech/magic/sky130A.magicrc < /openlane/scripts/magic/wrapper.tcl |& tee /dev/null /openlane/designs/pl_riscv_cpu/runs/RUN_2025.03.14_21.47.52/logs/signoff/42-drc.log"

Fri Mar 14 22:25:53 +0000 2025 - Executing "{magic -noconsole -dnull -rcfile /home/ayush/.volare/sky130A/libs.tech/magic/sky130A.magicrc < /openlane/scripts/magic/wrapper.tcl |& tee /dev/null /openlane/designs/pl_riscv_cpu/runs/RUN_2025.03.14_21.47.52/logs/signoff/42-drc.log}"

Fri Mar 14 22:29:10 +0000 2025 - Executing "{python3 /openlane/scripts/drc_rosetta.py magic to_tcl -o /openlane/designs/pl_riscv_cpu/runs/RUN_2025.03.14_21.47.52/reports/signoff/drc.tcl /openlane/designs/pl_riscv_cpu/runs/RUN_2025.03.14_21.47.52/reports/signoff/drc.rpt}"

Fri Mar 14 22:29:11 +0000 2025 - Executing "{python3 /openlane/scripts/drc_rosetta.py magic to_tr -o /openlane/designs/pl_riscv_cpu/runs/RUN_2025.03.14_21.47.52/reports/signoff/drc.tr /openlane/designs/pl_riscv_cpu/runs/RUN_2025.03.14_21.47.52/reports/signoff/drc.rpt}"

Fri Mar 14 22:29:11 +0000 2025 - Executing "{python3 /openlane/scripts/drc_rosetta.py tr to_klayout -o /openlane/designs/pl_riscv_cpu/runs/RUN_2025.03.14_21.47.52/reports/signoff/drc.klayout.xml --design-name pl_riscv_cpu /openlane/designs/pl_riscv_cpu/runs/RUN_2025.03.14_21.47.52/reports/signoff/drc.tr}"

Fri Mar 14 22:29:11 +0000 2025 - Executing "{python3 /openlane/scripts/drc_rosetta.py magic to_rdb -o /openlane/designs/pl_riscv_cpu/runs/RUN_2025.03.14_21.47.52/reports/signoff/drc.rdb /openlane/designs/pl_riscv_cpu/runs/RUN_2025.03.14_21.47.52/reports/signoff/drc.rpt}"

Fri Mar 14 22:29:11 +0000 2025 - Executing "{klayout -b -zz -r /home/ayush/.volare/sky130A/libs.tech/klayout/drc/sky130A_mr.drc -rd topcell=pl_riscv_cpu -rd input=/openlane/designs/pl_riscv_cpu/runs/RUN_2025.03.14_21.47.52/results/signoff/pl_riscv_cpu.gds -rd report=/openlane/designs/pl_riscv_cpu/runs/RUN_2025.03.14_21.47.52/reports/signoff/violations.xml -rd feol=true -rd beol=true -rd floating_metal=false -rd seal=true -rd thread=1 |& tee /dev/null /openlane/designs/pl_riscv_cpu/runs/RUN_2025.03.14_21.47.52/logs/signoff/43-drc-klayout.log}"

Fri Mar 14 22:30:59 +0000 2025 - Executing "{python3 /openlane/scripts/klayout/xml_drc_report_to_json.py --xml-file /openlane/designs/pl_riscv_cpu/runs/RUN_2025.03.14_21.47.52/reports/signoff/violations.xml --json-file /openlane/designs/pl_riscv_cpu/runs/RUN_2025.03.14_21.47.52/reports/signoff/violations.json}"

Fri Mar 14 22:30:59 +0000 2025 - Executing "openroad -exit /openlane/scripts/openroad/antenna_check.tcl |& tee /dev/null /openlane/designs/pl_riscv_cpu/runs/RUN_2025.03.14_21.47.52/logs/signoff/44-arc.log"

Fri Mar 14 22:30:59 +0000 2025 - Executing "{openroad -exit /openlane/scripts/openroad/antenna_check.tcl |& tee /dev/null /openlane/designs/pl_riscv_cpu/runs/RUN_2025.03.14_21.47.52/logs/signoff/44-arc.log}"

Fri Mar 14 22:31:04 +0000 2025 - Executing "{python3 /openlane/scripts/extract_antenna_violators.py --output /openlane/designs/pl_riscv_cpu/runs/RUN_2025.03.14_21.47.52/reports/signoff/44-antenna_violators.rpt --plain-out /openlane/designs/pl_riscv_cpu/runs/RUN_2025.03.14_21.47.52/reports/signoff/44-antenna_violators_pins.txt /openlane/designs/pl_riscv_cpu/runs/RUN_2025.03.14_21.47.52/logs/signoff/44-arc.log}"

Fri Mar 14 22:31:05 +0000 2025 - Executing "{python3 /openlane/scripts/write_runtime.py --conclude --seconds --time-in 1741991465 {flow completed}}"

Fri Mar 14 22:31:05 +0000 2025 - Executing "{python3 /openlane/scripts/generate_reports.py -d /openlane/designs/pl_riscv_cpu --design_name pl_riscv_cpu --tag RUN_2025.03.14_21.47.52 --output_file /openlane/designs/pl_riscv_cpu/runs/RUN_2025.03.14_21.47.52/reports/metrics.csv --man_report /openlane/designs/pl_riscv_cpu/runs/RUN_2025.03.14_21.47.52/reports/manufacturability.rpt --run_path /openlane/designs/pl_riscv_cpu/runs/RUN_2025.03.14_21.47.52}"

