
===========================================================================
 report_power
============================================================================
======================= Fastest Corner ===================================

Group                  Internal  Switching    Leakage      Total
                          Power      Power      Power      Power (Watts)
----------------------------------------------------------------
Sequential             8.53e-03   1.35e-03   2.12e-07   9.88e-03  22.1%
Combinational          8.99e-03   1.56e-02   1.80e-07   2.46e-02  54.9%
Clock                  5.31e-03   4.97e-03   7.46e-08   1.03e-02  23.0%
Macro                  0.00e+00   0.00e+00   0.00e+00   0.00e+00   0.0%
Pad                    0.00e+00   0.00e+00   0.00e+00   0.00e+00   0.0%
----------------------------------------------------------------
Total                  2.28e-02   2.19e-02   4.66e-07   4.47e-02 100.0%
                          51.0%      49.0%       0.0%

======================= Slowest Corner ===================================

Group                  Internal  Switching    Leakage      Total
                          Power      Power      Power      Power (Watts)
----------------------------------------------------------------
Sequential             5.78e-03   8.80e-04   5.10e-05   6.71e-03  21.9%
Combinational          6.47e-03   1.03e-02   1.00e-04   1.69e-02  55.1%
Clock                  3.82e-03   3.24e-03   1.77e-05   7.08e-03  23.1%
Macro                  0.00e+00   0.00e+00   0.00e+00   0.00e+00   0.0%
Pad                    0.00e+00   0.00e+00   0.00e+00   0.00e+00   0.0%
----------------------------------------------------------------
Total                  1.61e-02   1.45e-02   1.69e-04   3.07e-02 100.0%
                          52.4%      47.1%       0.6%

======================= Typical Corner ===================================

Group                  Internal  Switching    Leakage      Total
                          Power      Power      Power      Power (Watts)
----------------------------------------------------------------
Sequential             7.38e-03   1.13e-03   1.88e-07   8.51e-03  22.1%
Combinational          8.06e-03   1.32e-02   7.95e-08   2.12e-02  55.0%
Clock                  4.65e-03   4.19e-03   3.98e-08   8.84e-03  22.9%
Macro                  0.00e+00   0.00e+00   0.00e+00   0.00e+00   0.0%
Pad                    0.00e+00   0.00e+00   0.00e+00   0.00e+00   0.0%
----------------------------------------------------------------
Total                  2.01e-02   1.85e-02   3.07e-07   3.86e-02 100.0%
                          52.1%      47.9%       0.0%

