
63. Printing statistics.

=== pl_riscv_cpu ===

   Number of wires:              18383
   Number of wire bits:          18414
   Number of public wires:        3800
   Number of public wire bits:    3831
   Number of memories:               0
   Number of memory bits:            0
   Number of processes:              0
   Number of cells:              18412
     sky130_fd_sc_hd__a2111o_2       6
     sky130_fd_sc_hd__a2111oi_2      1
     sky130_fd_sc_hd__a211o_2      211
     sky130_fd_sc_hd__a211oi_2      11
     sky130_fd_sc_hd__a21bo_2       13
     sky130_fd_sc_hd__a21boi_2       9
     sky130_fd_sc_hd__a21o_2       194
     sky130_fd_sc_hd__a21oi_2      309
     sky130_fd_sc_hd__a221o_2      193
     sky130_fd_sc_hd__a221oi_2      12
     sky130_fd_sc_hd__a22o_2       225
     sky130_fd_sc_hd__a22oi_2        4
     sky130_fd_sc_hd__a2bb2o_2      37
     sky130_fd_sc_hd__a311o_2       35
     sky130_fd_sc_hd__a311oi_2       2
     sky130_fd_sc_hd__a31o_2       588
     sky130_fd_sc_hd__a31oi_2       13
     sky130_fd_sc_hd__a32o_2        18
     sky130_fd_sc_hd__a32oi_2        1
     sky130_fd_sc_hd__a41o_2         9
     sky130_fd_sc_hd__and2_2       694
     sky130_fd_sc_hd__and2b_2       10
     sky130_fd_sc_hd__and3_2       149
     sky130_fd_sc_hd__and3b_2       13
     sky130_fd_sc_hd__and4_2        44
     sky130_fd_sc_hd__and4b_2        6
     sky130_fd_sc_hd__and4bb_2       1
     sky130_fd_sc_hd__buf_1       4179
     sky130_fd_sc_hd__buf_2          1
     sky130_fd_sc_hd__conb_1         1
     sky130_fd_sc_hd__dfxtp_2     3663
     sky130_fd_sc_hd__dlxtn_1       37
     sky130_fd_sc_hd__inv_2       1115
     sky130_fd_sc_hd__mux2_2      2936
     sky130_fd_sc_hd__mux4_2       590
     sky130_fd_sc_hd__nand2_2      308
     sky130_fd_sc_hd__nand2b_2       3
     sky130_fd_sc_hd__nand3_2        9
     sky130_fd_sc_hd__nand3b_2       4
     sky130_fd_sc_hd__nand4_2        2
     sky130_fd_sc_hd__nor2_2       422
     sky130_fd_sc_hd__nor2b_2        4
     sky130_fd_sc_hd__nor3_2         7
     sky130_fd_sc_hd__nor3b_2        1
     sky130_fd_sc_hd__nor4_2         1
     sky130_fd_sc_hd__nor4b_2        3
     sky130_fd_sc_hd__o2111a_2       5
     sky130_fd_sc_hd__o211a_2      480
     sky130_fd_sc_hd__o211ai_2      16
     sky130_fd_sc_hd__o21a_2       113
     sky130_fd_sc_hd__o21ai_2      146
     sky130_fd_sc_hd__o21ba_2        7
     sky130_fd_sc_hd__o21bai_2       5
     sky130_fd_sc_hd__o221a_2      268
     sky130_fd_sc_hd__o221ai_2       2
     sky130_fd_sc_hd__o22a_2       373
     sky130_fd_sc_hd__o22ai_2        6
     sky130_fd_sc_hd__o2bb2a_2      37
     sky130_fd_sc_hd__o311a_2       28
     sky130_fd_sc_hd__o311ai_2       1
     sky130_fd_sc_hd__o31a_2        74
     sky130_fd_sc_hd__o31ai_2        9
     sky130_fd_sc_hd__o32a_2        26
     sky130_fd_sc_hd__o41a_2         6
     sky130_fd_sc_hd__or2_2        409
     sky130_fd_sc_hd__or2b_2        21
     sky130_fd_sc_hd__or3_2        127
     sky130_fd_sc_hd__or3b_2        30
     sky130_fd_sc_hd__or4_2         41
     sky130_fd_sc_hd__or4b_2        14
     sky130_fd_sc_hd__or4bb_2        2
     sky130_fd_sc_hd__xnor2_2       55
     sky130_fd_sc_hd__xor2_2        17

   Chip area for module '\pl_riscv_cpu': 196742.441600

