
===========================================================================
report_checks -unconstrained
===========================================================================
======================= Typical Corner ===================================

Startpoint: _31548_ (rising edge-triggered flip-flop clocked by clk)
Endpoint: _29882_ (rising edge-triggered flip-flop clocked by clk')
Path Group: clk
Path Type: max

Fanout     Cap    Slew   Delay    Time   Description
-----------------------------------------------------------------------------
                  0.15    0.00    0.00   clock clk (rise edge)
                          0.00    0.00   clock network delay (ideal)
                  0.15    0.00    0.00 ^ _31548_/CLK (sky130_fd_sc_hd__dfxtp_2)
     5    0.03    0.16    0.47    0.47 ^ _31548_/Q (sky130_fd_sc_hd__dfxtp_2)
                                         rvcpu.dp.plmw.ResultSrcW[0] (net)
                  0.16    0.00    0.47 ^ _14583_/A (sky130_fd_sc_hd__clkbuf_8)
    10    0.07    0.14    0.25    0.72 ^ _14583_/X (sky130_fd_sc_hd__clkbuf_8)
                                         _13168_ (net)
                  0.14    0.00    0.72 ^ _14584_/A (sky130_fd_sc_hd__clkbuf_8)
    10    0.07    0.12    0.23    0.95 ^ _14584_/X (sky130_fd_sc_hd__clkbuf_8)
                                         _13169_ (net)
                  0.12    0.00    0.95 ^ _14670_/S0 (sky130_fd_sc_hd__mux4_2)
     8    0.06    0.23    0.73    1.69 v _14670_/X (sky130_fd_sc_hd__mux4_2)
                                         _13237_ (net)
                  0.23    0.01    1.70 v _16211_/A (sky130_fd_sc_hd__buf_4)
    10    0.05    0.08    0.28    1.98 v _16211_/X (sky130_fd_sc_hd__buf_4)
                                         _14459_ (net)
                  0.08    0.01    1.99 v _16840_/A1 (sky130_fd_sc_hd__mux2_1)
     1    0.00    0.05    0.31    2.31 v _16840_/X (sky130_fd_sc_hd__mux2_1)
                                         _04668_ (net)
                  0.05    0.00    2.31 v _16841_/A (sky130_fd_sc_hd__clkbuf_1)
     1    0.00    0.02    0.09    2.40 v _16841_/X (sky130_fd_sc_hd__clkbuf_1)
                                         _01617_ (net)
                  0.02    0.00    2.40 v _29882_/D (sky130_fd_sc_hd__dfxtp_1)
                                  2.40   data arrival time

                  0.15   12.50   12.50   clock clk' (rise edge)
                          0.00   12.50   clock network delay (ideal)
                         -0.25   12.25   clock uncertainty
                          0.00   12.25   clock reconvergence pessimism
                                 12.25 ^ _29882_/CLK (sky130_fd_sc_hd__dfxtp_1)
                         -0.08   12.17   library setup time
                                 12.17   data required time
-----------------------------------------------------------------------------
                                 12.17   data required time
                                 -2.40   data arrival time
-----------------------------------------------------------------------------
                                  9.78   slack (MET)




===========================================================================
report_checks --slack_max -0.01
============================================================================
======================= Typical Corner ===================================

No paths found.


===========================================================================
 report_check_types -max_slew -max_cap -max_fanout -violators
============================================================================
======================= Typical Corner ===================================


max slew violations count Typical: 0
max fanout violations count Typical: 0
max cap violations count Typical: 0

===========================================================================
report_parasitic_annotation -report_unannotated
============================================================================
Found 1143 unannotated drivers.
 clk
 _22952_/X
 _22953_/X
 _22954_/X
 _22955_/X
 _22956_/Y
 _22957_/Y
 _22958_/Y
 _22959_/Y
 _22960_/Y
 _22961_/Y
 _22962_/Y
 _22963_/Y
 _22964_/Y
 _22965_/Y
 _22966_/X
 _22967_/Y
 _22968_/Y
 _22969_/Y
 _22970_/Y
 _22971_/Y
 _22972_/Y
 _22973_/Y
 _22974_/Y
 _22975_/Y
 _22976_/Y
 _22977_/X
 _22978_/Y
 _22979_/Y
 _22980_/Y
 _22981_/Y
 _22982_/Y
 _22983_/Y
 _22984_/Y
 _22985_/Y
 _22986_/Y
 _22987_/Y
 _22988_/X
 _22989_/Y
 _22990_/Y
 _22991_/Y
 _22992_/Y
 _22993_/Y
 _22994_/Y
 _22995_/Y
 _22996_/Y
 _22997_/Y
 _22998_/Y
 _22999_/X
 _23000_/Y
 _23001_/Y
 _23002_/Y
 _23003_/Y
 _23004_/Y
 _23005_/Y
 _23006_/Y
 _23007_/Y
 _23008_/Y
 _23009_/Y
 _23010_/X
 _23011_/Y
 _23012_/Y
 _23013_/Y
 _23014_/Y
 _23015_/Y
 _23016_/Y
 _23017_/Y
 _23018_/Y
 _23019_/Y
 _23020_/Y
 _23021_/X
 _23022_/X
 _23023_/Y
 _23024_/Y
 _23025_/Y
 _23026_/Y
 _23027_/Y
 _23028_/Y
 _23029_/Y
 _23030_/Y
 _23031_/Y
 _23032_/Y
 _23033_/X
 _23034_/Y
 _23035_/Y
 _23036_/Y
 _23037_/Y
 _23038_/Y
 _23039_/Y
 _23040_/Y
 _23041_/Y
 _23042_/Y
 _23043_/Y
 _23044_/X
 _23045_/Y
 _23046_/Y
 _23047_/Y
 _23048_/Y
 _23049_/Y
 _23050_/Y
 _23051_/Y
 _23052_/Y
 _23053_/Y
 _23054_/Y
 _23055_/X
 _23056_/Y
 _23057_/Y
 _23058_/Y
 _23059_/Y
 _23060_/Y
 _23061_/Y
 _23080_/Y
 _23081_/Y
 _23082_/Y
 _23083_/Y
 _23084_/X
 _23085_/Y
 _23086_/Y
 _23087_/Y
 _23088_/Y
 _23089_/Y
 _23090_/Y
 _23091_/Y
 _23092_/Y
 _23093_/Y
 _23094_/Y
 _23095_/X
 _23096_/Y
 _23097_/Y
 _23098_/Y
 _23099_/Y
 _23100_/Y
 _23101_/Y
 _23102_/Y
 _23103_/Y
 _23104_/Y
 _23105_/Y
 _23106_/X
 _23107_/Y
 _23108_/Y
 _23109_/Y
 _23110_/Y
 _23111_/Y
 _23112_/Y
 _23113_/Y
 _23114_/Y
 _23115_/Y
 _23116_/Y
 _23117_/X
 _23118_/Y
 _23119_/Y
 _23120_/Y
 _23121_/Y
 _23122_/Y
 _23123_/Y
 _23124_/Y
 _23125_/Y
 _23126_/Y
 _23127_/Y
 _23128_/X
 _23129_/Y
 _23130_/Y
 _23131_/Y
 _23132_/Y
 _23133_/Y
 _23134_/Y
 _23135_/Y
 _23136_/Y
 _23137_/Y
 _23138_/Y
 _23139_/X
 _23140_/Y
 _23141_/Y
 _23142_/Y
 _23143_/Y
 _23144_/Y
 _23145_/Y
 _23146_/Y
 _23147_/Y
 _23148_/Y
 _23149_/Y
 _23150_/X
 _23151_/X
 _23152_/Y
 _23153_/Y
 _23154_/Y
 _23155_/Y
 _23156_/Y
 _23157_/Y
 _23158_/Y
 _23159_/Y
 _23160_/Y
 _23161_/Y
 _23162_/X
 _23163_/Y
 _23164_/Y
 _23165_/Y
 _23166_/Y
 _23167_/Y
 _23168_/Y
 _23169_/Y
 _23170_/Y
 _23171_/Y
 _23172_/Y
 _23173_/X
 _23174_/Y
 _23175_/Y
 _23176_/Y
 _23177_/Y
 _23178_/Y
 _23179_/Y
 _23180_/Y
 _23181_/Y
 _23182_/Y
 _23183_/Y
 _23184_/X
 _23185_/Y
 _23186_/Y
 _23206_/Y
 _23207_/Y
 _23208_/Y
 _23209_/Y
 _23210_/Y
 _23211_/Y
 _23212_/Y
 _23213_/Y
 _23214_/X
 _23215_/Y
 _23216_/Y
 _23217_/Y
 _23218_/Y
 _23219_/Y
 _23220_/Y
 _23221_/Y
 _23222_/Y
 _23223_/Y
 _23224_/Y
 _23225_/X
 _23226_/Y
 _23227_/Y
 _23228_/Y
 _23229_/Y
 _23230_/Y
 _23231_/Y
 _23232_/Y
 _23233_/Y
 _23234_/Y
 _23235_/Y
 _23236_/X
 _23237_/Y
 _23238_/Y
 _23239_/Y
 _23240_/Y
 _23241_/Y
 _23242_/Y
 _23243_/Y
 _23244_/Y
 _23245_/Y
 _23246_/Y
 _23247_/X
 _23248_/Y
 _23249_/Y
 _23250_/Y
 _23251_/Y
 _23252_/Y
 _23253_/Y
 _23254_/Y
 _23255_/Y
 _23256_/Y
 _23257_/Y
 _23258_/X
 _23259_/Y
 _23260_/Y
 _23261_/Y
 _23262_/Y
 _23263_/Y
 _23264_/Y
 _23265_/Y
 _23266_/Y
 _23267_/Y
 _23268_/Y
 _23269_/X
 _23270_/Y
 _23271_/Y
 _23272_/Y
 _23273_/Y
 _23274_/Y
 _23275_/Y
 _23276_/Y
 _23277_/Y
 _23278_/Y
 _23279_/Y
 _23280_/X
 _23281_/X
 _23282_/Y
 _23283_/Y
 _23284_/Y
 _23285_/Y
 _23286_/Y
 _23287_/Y
 _23288_/Y
 _23289_/Y
 _23290_/Y
 _23291_/Y
 _23292_/X
 _23293_/Y
 _23294_/Y
 _23295_/Y
 _23296_/Y
 _23297_/Y
 _23298_/Y
 _23299_/Y
 _23300_/Y
 _23301_/Y
 _23302_/Y
 _23303_/X
 _23304_/Y
 _23305_/Y
 _23306_/Y
 _23307_/Y
 _23308_/Y
 _23309_/Y
 _23310_/Y
 _23311_/Y
 _23312_/Y
 _23313_/Y
 _23314_/X
 _23315_/Y
 _23316_/Y
 _23317_/Y
 _23318_/Y
 _23319_/Y
 _23320_/Y
 _23321_/Y
 _23322_/Y
 _23323_/Y
 _23324_/Y
 _23325_/X
 _23326_/Y
 _23327_/Y
 _23328_/Y
 _23329_/Y
 _23330_/Y
 _23331_/Y
 _23332_/Y
 _23333_/Y
 _23334_/Y
 _23335_/Y
 _23336_/X
 _23337_/Y
 _23338_/Y
 _23339_/Y
 _23340_/Y
 _23341_/Y
 _23342_/Y
 _23343_/Y
 _23344_/Y
 _23345_/Y
 _23346_/Y
 _23347_/X
 _23348_/Y
 _23349_/Y
 _23350_/Y
 _23351_/Y
 _23352_/Y
 _23353_/Y
 _23354_/Y
 _23355_/Y
 _23356_/Y
 _23357_/Y
 _23358_/X
 _23359_/Y
 _23360_/Y
 _23361_/Y
 _23362_/Y
 _23363_/Y
 _23364_/Y
 _23365_/Y
 _23366_/Y
 _23367_/Y
 _23368_/Y
 _23369_/X
 _23370_/Y
 _23371_/Y
 _23372_/Y
 _23373_/Y
 _23374_/Y
 _23375_/Y
 _23376_/Y
 _23377_/Y
 _23378_/Y
 _23379_/Y
 _23380_/X
 _23381_/Y
 _23382_/Y
 _23402_/Y
 _23403_/Y
 _23404_/Y
 _23405_/Y
 _23406_/Y
 _23407_/Y
 _23408_/Y
 _23409_/Y
 _23410_/X
 _23411_/X
 _23412_/Y
 _23413_/Y
 _23414_/Y
 _23415_/Y
 _23416_/Y
 _23417_/Y
 _23418_/Y
 _23419_/Y
 _23420_/Y
 _23421_/Y
 _23422_/X
 _23423_/Y
 _23424_/Y
 _23425_/Y
 _23426_/Y
 _23427_/Y
 _23428_/Y
 _23429_/Y
 _23430_/Y
 _23431_/Y
 _23432_/Y
 _23433_/X
 _23434_/Y
 _23435_/Y
 _23436_/Y
 _23437_/Y
 _23438_/Y
 _23439_/Y
 _23440_/Y
 _23441_/Y
 _23442_/Y
 _23443_/Y
 _23444_/X
 _23445_/Y
 _23446_/Y
 _23447_/Y
 _23448_/Y
 _23449_/Y
 _23450_/Y
 _23451_/Y
 _23452_/Y
 _23453_/Y
 _23454_/Y
 _23455_/X
 _23456_/Y
 _23457_/Y
 _23458_/Y
 _23459_/Y
 _23460_/Y
 _23461_/Y
 _23462_/Y
 _23463_/Y
 _23464_/Y
 _23465_/Y
 _23466_/X
 _23467_/Y
 _23468_/Y
 _23469_/Y
 _23470_/Y
 _23471_/Y
 _23472_/Y
 _23473_/Y
 _23474_/Y
 _23475_/Y
 _23476_/Y
 _23477_/X
 _23478_/Y
 _23479_/Y
 _23480_/Y
 _23481_/Y
 _23482_/Y
 _23483_/Y
 _23484_/Y
 _23485_/Y
 _23486_/Y
 _23487_/Y
 _23488_/X
 _23489_/Y
 _23490_/Y
 _23491_/Y
 _23492_/Y
 _23493_/Y
 _23494_/Y
 _23495_/Y
 _23496_/Y
 _23497_/Y
 _23498_/Y
 _23499_/X
 _23500_/Y
 _23501_/Y
 _23502_/Y
 _23503_/Y
 _23504_/Y
 _23505_/Y
 _23506_/Y
 _23507_/Y
 _23525_/Y
 _23526_/Y
 _23527_/X
 _23528_/Y
 _23529_/Y
 _23530_/Y
 _23531_/Y
 _23532_/Y
 _23533_/Y
 _23534_/Y
 _23535_/Y
 _23536_/Y
 _23537_/Y
 _23538_/X
 _23539_/X
 _23540_/Y
 _23541_/Y
 _23542_/Y
 _23543_/Y
 _23544_/Y
 _23545_/Y
 _23546_/Y
 _23547_/Y
 _23548_/Y
 _23549_/Y
 _23550_/X
 _23551_/Y
 _23552_/Y
 _23553_/Y
 _23554_/Y
 _23555_/Y
 _23556_/Y
 _23557_/Y
 _23558_/Y
 _23559_/Y
 _23560_/Y
 _23561_/X
 _23562_/Y
 _23563_/Y
 _23564_/Y
 _23565_/Y
 _23566_/Y
 _23567_/Y
 _23568_/Y
 _23569_/Y
 _23570_/Y
 _23571_/Y
 _23572_/X
 _23573_/Y
 _23574_/Y
 _23575_/Y
 _23576_/Y
 _23577_/Y
 _23578_/Y
 _23579_/Y
 _23580_/Y
 _23581_/Y
 _23582_/Y
 _23583_/X
 _23584_/Y
 _23585_/Y
 _23586_/Y
 _23587_/Y
 _23588_/Y
 _23589_/Y
 _23590_/Y
 _23591_/Y
 _23592_/Y
 _23593_/Y
 _23594_/X
 _23595_/Y
 _23596_/Y
 _23597_/Y
 _23598_/Y
 _23599_/Y
 _23600_/Y
 _23601_/Y
 _23602_/Y
 _23603_/Y
 _23604_/Y
 _23605_/X
 _23606_/Y
 _23607_/Y
 _23608_/Y
 _23609_/Y
 _23610_/Y
 _23611_/Y
 _23612_/Y
 _23613_/Y
 _23614_/Y
 _23615_/Y
 _23616_/X
 _23617_/Y
 _23618_/Y
 _23619_/Y
 _23620_/Y
 _23621_/Y
 _23622_/Y
 _23623_/Y
 _23624_/Y
 _23625_/Y
 _23626_/Y
 _23627_/X
 _23628_/Y
 _23629_/Y
 _23630_/Y
 _23631_/Y
 _23649_/Y
 _23650_/Y
 _23651_/Y
 _23652_/Y
 _23653_/Y
 _23654_/Y
 _23655_/X
 _23656_/Y
 _23657_/Y
 _23658_/Y
 _23659_/Y
 _23660_/Y
 _23661_/Y
 _23662_/Y
 _23663_/Y
 _23664_/Y
 _23665_/Y
 _23666_/X
 _23667_/X
 _23668_/Y
 _23669_/Y
 _23670_/Y
 _23671_/Y
 _23672_/Y
 _23673_/Y
 _23674_/Y
 _23675_/Y
 _23676_/Y
 _23677_/Y
 _23678_/X
 _23679_/Y
 _23680_/Y
 _23681_/Y
 _23682_/Y
 _23683_/Y
 _23684_/Y
 _23685_/Y
 _23686_/Y
 _23687_/Y
 _23688_/Y
 _23689_/X
 _23690_/Y
 _23691_/Y
 _23692_/Y
 _23693_/Y
 _23694_/Y
 _23695_/Y
 _23696_/Y
 _23697_/Y
 _23698_/Y
 _23699_/Y
 _23700_/X
 _23701_/Y
 _23702_/Y
 _23703_/Y
 _23704_/Y
 _23705_/Y
 _23706_/Y
 _23707_/Y
 _23708_/Y
 _23709_/Y
 _23710_/Y
 _23711_/X
 _23712_/Y
 _23713_/Y
 _23714_/Y
 _23715_/Y
 _23716_/Y
 _23717_/Y
 _23718_/Y
 _23719_/Y
 _23720_/Y
 _23721_/Y
 _23722_/X
 _23723_/Y
 _23724_/Y
 _23725_/Y
 _23726_/Y
 _23727_/Y
 _23728_/Y
 _23729_/Y
 _23730_/Y
 _23731_/Y
 _23732_/Y
 _23733_/X
 _23734_/Y
 _23735_/Y
 _23736_/Y
 _23737_/Y
 _23738_/Y
 _23739_/Y
 _23740_/Y
 _23741_/Y
 _23742_/Y
 _23743_/Y
 _23744_/X
 _23745_/Y
 _23746_/Y
 _23747_/Y
 _23748_/Y
 _23749_/Y
 _23750_/Y
 _23751_/Y
 _23752_/Y
 _23753_/Y
 _23754_/Y
 _23755_/X
 _23756_/Y
 _23757_/Y
 _23758_/Y
 _23759_/Y
 _23760_/Y
 _23761_/Y
 _23762_/Y
 _23763_/Y
 _23764_/Y
 _23765_/Y
 _23766_/X
 _23767_/Y
 _23768_/Y
 _23769_/Y
 _23770_/Y
 _23771_/Y
 _23772_/Y
 _23773_/Y
 _23774_/Y
 _23775_/Y
 _23776_/Y
 _23777_/X
 _23778_/X
 _23779_/Y
 _23780_/Y
 _23781_/Y
 _23782_/Y
 _23783_/Y
 _23784_/Y
 _23785_/Y
 _23786_/Y
 _23787_/Y
 _23788_/Y
 _23789_/X
 _23790_/Y
 _23791_/Y
 _23792_/Y
 _23793_/Y
 _23794_/Y
 _23795_/Y
 _23796_/Y
 _23797_/Y
 _23798_/Y
 _23799_/Y
 _23800_/X
 _23801_/Y
 _23802_/Y
 _23803_/Y
 _23804_/Y
 _23805_/Y
 _23806_/Y
 _23807_/Y
 _23808_/Y
 _23809_/Y
 _23810_/Y
 _23811_/X
 _23812_/Y
 _23813_/Y
 _23814_/Y
 _23815_/Y
 _23816_/Y
 _23817_/Y
 _23818_/Y
 _23819_/Y
 _23820_/Y
 _23821_/Y
 _23822_/X
 _23823_/Y
 _23824_/Y
 _23825_/Y
 _23826_/Y
 _23845_/Y
 _23846_/Y
 _23847_/Y
 _23848_/Y
 _23849_/Y
 _23850_/Y
 _23851_/X
 _23852_/Y
 _23853_/Y
 _23854_/Y
 _23855_/Y
 _23856_/Y
 _23857_/Y
 _23858_/Y
 _23859_/Y
 _23860_/Y
 _23861_/Y
 _23862_/X
 _23863_/Y
 _23864_/Y
 _23865_/Y
 _23866_/Y
 _23867_/Y
 _23868_/Y
 _23869_/Y
 _23870_/Y
 _23871_/Y
 _23872_/Y
 _23873_/X
 _23874_/Y
 _23875_/Y
 _23876_/Y
 _23877_/Y
 _23878_/Y
 _23879_/Y
 _23880_/Y
 _23881_/Y
 _23882_/Y
 _23883_/Y
 _23884_/X
 _23885_/Y
 _23886_/Y
 _23887_/Y
 _23888_/Y
 _23889_/Y
 _23890_/Y
 _23891_/Y
 _23892_/Y
 _23893_/Y
 _23894_/Y
 _23895_/X
 _23896_/Y
 _23897_/Y
 _23898_/Y
 _23899_/Y
 _23900_/Y
 _23901_/Y
 _23902_/Y
 _23903_/Y
 _23904_/Y
 _23905_/Y
 _23906_/X
 _23907_/X
 _23908_/Y
 _23909_/Y
 _23910_/Y
 _23911_/Y
 _23912_/Y
 _23913_/Y
 _23914_/Y
 _23915_/Y
 _23916_/Y
 _23917_/Y
 _23918_/X
 _23919_/Y
 _23920_/Y
 _23921_/Y
 _23922_/Y
 _23923_/Y
 _23924_/Y
 _23925_/Y
 _23926_/Y
 _23927_/Y
 _23928_/Y
 _23929_/X
 _23930_/Y
 _23931_/Y
 _23932_/Y
 _23933_/Y
 _23934_/Y
 _23935_/Y
 _23936_/Y
 _23937_/Y
 _23938_/Y
 _23939_/Y
 _23940_/X
 _23941_/Y
 _23942_/Y
 _23943_/Y
 _23944_/Y
 _23945_/Y
 _23946_/Y
 _23947_/Y
 _23948_/Y
 _23949_/Y
 _23950_/Y
 _23968_/X
 _23969_/Y
 _23970_/Y
 _23971_/Y
 _23972_/Y
 _23973_/Y
 _23974_/Y
 _23975_/Y
 _23976_/Y
 _23977_/Y
 _23978_/Y
 _23979_/X
 _23980_/Y
 _23981_/Y
 _23982_/Y
 _23983_/Y
 _23984_/Y
 _23985_/Y
 _23986_/Y
 _23987_/Y
 _23988_/Y
 _23989_/Y
 _23990_/X
 _23991_/Y
 _23992_/Y
 _23993_/Y
 _23994_/Y
 _23995_/Y
 _23996_/Y
 _23997_/Y
 _23998_/Y
 _23999_/Y
 _24000_/Y
 _24001_/X
 _24002_/Y
 _24003_/Y
 _24004_/Y
 _24005_/Y
 _24006_/Y
 _24007_/Y
 _24008_/Y
 _24009_/Y
 _24010_/Y
 _24011_/Y
 _24012_/X
 _24013_/Y
 _24014_/Y
 _24015_/Y
 _24016_/Y
 _24017_/Y
 _24018_/Y
 _24019_/Y
 _24020_/Y
 _24021_/Y
 _24022_/Y
 _24023_/X
 _24024_/Y
 _24025_/Y
 _24026_/Y
 _24027_/Y
 _24028_/Y
 _24029_/Y
 _24030_/Y
 _24031_/Y
 _24032_/Y
 _24033_/Y
 _24034_/X
 _24035_/X
 _24036_/Y
 _24037_/Y
 _24038_/Y
 _24039_/Y
 _24040_/Y
 _24041_/Y
 _24042_/Y
 _24043_/Y
 _24044_/Y
 _24045_/Y
 _24046_/X
 _24047_/Y
 _24048_/Y
 _24049_/Y
 _24050_/Y
 _24051_/Y
 _24052_/Y
 _24053_/Y
 _24054_/Y
 _24055_/Y
 _24056_/Y
 _24057_/X
 _24058_/Y
 _24059_/Y
 _24060_/Y
 _24061_/Y
 _24062_/Y
 _24063_/Y
 _24064_/Y
 _24065_/Y
 _24066_/Y
 _24067_/Y
 _24068_/X
 _24069_/Y
 _24070_/Y
 _24071_/Y
 _24072_/Y
 _24073_/Y
 _24074_/Y
 _24092_/Y
 _24093_/Y
 _24094_/Y
 _24095_/Y
 _24096_/X
 _24097_/Y
 _24098_/Y
 _24099_/Y
 _24100_/Y
 _24101_/Y
 _24102_/Y
 _24103_/Y
 _24104_/Y
 _24105_/Y
 _24106_/Y
 _24107_/X
 _24108_/Y
 _24109_/Y
 _24110_/Y
 _24111_/Y
 _24112_/Y
 _24113_/Y
 _24114_/Y
 _24115_/Y
 _24116_/Y
 _24117_/Y
 _24118_/X
 _24119_/Y
 _24120_/Y
 _24121_/Y
 _24122_/Y
 _24123_/Y
 _24124_/Y
 _24125_/Y
 _24126_/Y
 _24127_/Y
 _24128_/Y
 _24129_/X
 _24130_/Y
 _24131_/Y
 _24132_/Y
 _24133_/Y
 _24134_/Y
 _24135_/Y
 _24136_/Y
 _24137_/Y
 _24138_/Y
 _24139_/Y
 _24140_/X
 _24141_/Y
 _24142_/Y
 _24143_/Y
 _24144_/Y
 _24145_/Y
 _24146_/Y
 _24147_/Y
 _24148_/Y
 _24149_/Y
 _24150_/Y
 _24151_/X
 _24152_/Y
 _24153_/Y
 _24154_/Y
 _24155_/Y
 _24156_/Y
 _24157_/Y
 _24158_/Y
 _24159_/Y
 _24160_/Y
 _24161_/Y
 _24162_/X
 _24163_/Y
 _24164_/Y
 _24165_/Y
 _24166_/Y
 _24167_/Y
 _24168_/Y
 _24169_/Y
 _24170_/Y
 _24171_/Y
 _24172_/Y
 _24173_/X
 _24174_/Y
 _24175_/Y
 _24176_/Y
 _24177_/Y
 _24178_/Y
 _24179_/Y
 _24180_/Y
 _24181_/Y
 _24182_/Y
 _24183_/Y
 _24184_/X
 _24185_/Y
 _24186_/Y
 _24187_/Y
 _24188_/Y
 _24189_/Y
 _24190_/Y
 _24191_/Y
 _24192_/Y
 _24193_/Y
 _24194_/Y
 _24195_/X
 _24196_/Y
 _24197_/Y
 _26483_/Y
 _26484_/Y
 _26485_/Y
 _26486_/Y
 _26487_/Y
 _26488_/Y
 _26489_/Y
 _26490_/Y
 _26491_/X
 _26492_/Y
 _26493_/Y
 _26494_/Y
 _26495_/Y
 _26496_/Y
 _26497_/Y
 _26498_/Y
 _26499_/Y
 _26500_/Y
 _26501_/Y
 _26502_/X
 _26503_/Y
 _26504_/Y
 _26505_/Y
 _26506_/Y
 _26507_/Y
 _26508_/Y
 _26509_/Y
 _26510_/Y
 _26511_/Y
 _26512_/Y
 _26513_/Y
 _26514_/Y
 _26515_/Y
 _26516_/Y
 _31746__123/HI
 _31747__124/HI
 _31748__125/HI
 _31749__126/HI
Found 0 partially unannotated drivers.

===========================================================================
max slew violation count 0
max fanout violation count 0
max cap violation count 0
============================================================================

===========================================================================
check_setup -verbose -unconstrained_endpoints -multiple_clock -no_clock -no_input_delay -loops -generated_clocks
===========================================================================
Warning: There are 37 unclocked register/latch pins.
  _31439_/GATE_N
  _31746_/GATE_N
  _31747_/GATE_N
  _31748_/GATE_N
  _31749_/GATE_N
  _31895_/GATE_N
  _31896_/GATE_N
  _31897_/GATE_N
  _31898_/GATE_N
  _31899_/GATE_N
  _31900_/GATE_N
  _31901_/GATE_N
  _31902_/GATE_N
  _31903_/GATE_N
  _31904_/GATE_N
  _31905_/GATE_N
  _31906_/GATE_N
  _31907_/GATE_N
  _31908_/GATE_N
  _31909_/GATE_N
  _31910_/GATE_N
  _31911_/GATE_N
  _31912_/GATE_N
  _31913_/GATE_N
  _31914_/GATE_N
  _31915_/GATE_N
  _31916_/GATE_N
  _31917_/GATE_N
  _31918_/GATE_N
  _31919_/GATE_N
  _31920_/GATE_N
  _31921_/GATE_N
  _31922_/GATE_N
  _31923_/GATE_N
  _31924_/GATE_N
  _31925_/GATE_N
  _31926_/GATE_N
Warning: There are 69 unconstrained endpoints.
  _31439_/D
  _31550_/D
  _31551_/D
  _31552_/D
  _31553_/D
  _31554_/D
  _31555_/D
  _31556_/D
  _31557_/D
  _31558_/D
  _31559_/D
  _31560_/D
  _31561_/D
  _31562_/D
  _31563_/D
  _31564_/D
  _31565_/D
  _31566_/D
  _31567_/D
  _31568_/D
  _31569_/D
  _31570_/D
  _31571_/D
  _31572_/D
  _31573_/D
  _31574_/D
  _31575_/D
  _31576_/D
  _31577_/D
  _31578_/D
  _31579_/D
  _31580_/D
  _31581_/D
  _31746_/D
  _31747_/D
  _31748_/D
  _31749_/D
  _31895_/D
  _31896_/D
  _31897_/D
  _31898_/D
  _31899_/D
  _31900_/D
  _31901_/D
  _31902_/D
  _31903_/D
  _31904_/D
  _31905_/D
  _31906_/D
  _31907_/D
  _31908_/D
  _31909_/D
  _31910_/D
  _31911_/D
  _31912_/D
  _31913_/D
  _31914_/D
  _31915_/D
  _31916_/D
  _31917_/D
  _31918_/D
  _31919_/D
  _31920_/D
  _31921_/D
  _31922_/D
  _31923_/D
  _31924_/D
  _31925_/D
  _31926_/D
