
===========================================================================
 report_power
============================================================================
======================= Fastest Corner ===================================

Group                  Internal  Switching    Leakage      Total
                          Power      Power      Power      Power (Watts)
----------------------------------------------------------------
Sequential             8.53e-03   1.28e-03   2.12e-07   9.80e-03  22.7%
Combinational          8.98e-03   1.44e-02   1.80e-07   2.34e-02  54.1%
Clock                  5.31e-03   4.76e-03   7.46e-08   1.01e-02  23.3%
Macro                  0.00e+00   0.00e+00   0.00e+00   0.00e+00   0.0%
Pad                    0.00e+00   0.00e+00   0.00e+00   0.00e+00   0.0%
----------------------------------------------------------------
Total                  2.28e-02   2.05e-02   4.66e-07   4.33e-02 100.0%
                          52.7%      47.3%       0.0%

======================= Slowest Corner ===================================

Group                  Internal  Switching    Leakage      Total
                          Power      Power      Power      Power (Watts)
----------------------------------------------------------------
Sequential             5.78e-03   8.28e-04   5.10e-05   6.66e-03  22.4%
Combinational          6.47e-03   9.56e-03   1.00e-04   1.61e-02  54.3%
Clock                  3.82e-03   3.10e-03   1.77e-05   6.94e-03  23.3%
Macro                  0.00e+00   0.00e+00   0.00e+00   0.00e+00   0.0%
Pad                    0.00e+00   0.00e+00   0.00e+00   0.00e+00   0.0%
----------------------------------------------------------------
Total                  1.61e-02   1.35e-02   1.69e-04   2.97e-02 100.0%
                          54.1%      45.4%       0.6%

======================= Typical Corner ===================================

Group                  Internal  Switching    Leakage      Total
                          Power      Power      Power      Power (Watts)
----------------------------------------------------------------
Sequential             7.38e-03   1.07e-03   1.88e-07   8.44e-03  22.6%
Combinational          8.05e-03   1.22e-02   7.95e-08   2.02e-02  54.2%
Clock                  4.65e-03   4.01e-03   3.98e-08   8.66e-03  23.2%
Macro                  0.00e+00   0.00e+00   0.00e+00   0.00e+00   0.0%
Pad                    0.00e+00   0.00e+00   0.00e+00   0.00e+00   0.0%
----------------------------------------------------------------
Total                  2.01e-02   1.73e-02   3.07e-07   3.73e-02 100.0%
                          53.8%      46.2%       0.0%

